2018-01-29 00:47:34 INFO  ApacheHttpClient.<init>(85) - ApacheHttpClient проинстанциирован успешно.
2018-01-29 00:47:35 INFO  ApacheHttpClient.testConnection(178) - responseCode = 200
2018-01-29 00:47:35 INFO  ApacheHttpClient.testConnection(185) - result = true
2018-01-29 00:47:35 INFO  ApacheHttpClient.login(209) - Ожидание ответа сервера.
2018-01-29 00:47:36 INFO  ApacheHttpClient.login(209) - Ожидание ответа сервера.
2018-01-29 00:47:36 INFO  ApacheHttpClient.login(213) - responseCode = 200
2018-01-29 00:47:36 INFO  ApacheHttpClient.login(244) - JSESSIONID=B1181B5F7CB716C1DEF3E9B0F2F8D6B6
2018-01-29 00:47:36 INFO  ApacheHttpClient.refreshUserInfo(272) - responseCode = 200
2018-01-29 00:47:36 INFO  ApacheHttpClient.refreshUserInfo(278) - Информация о пользователе получена.
2018-01-29 00:47:36 INFO  ApacheHttpClient.startGA(32) - GAService запущен.
2018-01-29 00:47:36 INFO  AbstractRestApiClient.startService(70) - EventsService запущен.
2018-01-29 00:47:41 INFO  ApacheHttpClient.testConnection(178) - responseCode = 200
2018-01-29 00:47:41 INFO  ApacheHttpClient.testConnection(185) - result = true
2018-01-29 00:47:42 INFO  ApacheHttpClient.testConnection(178) - responseCode = 200
2018-01-29 00:47:42 INFO  ApacheHttpClient.testConnection(185) - result = true
2018-01-29 00:47:44 INFO  ApacheHttpClient.getWebResourceAsStream(420) - responseCode = 200
2018-01-29 00:47:55 INFO  ApacheHttpClient.testConnection(178) - responseCode = 200
2018-01-29 00:47:55 INFO  ApacheHttpClient.testConnection(185) - result = true
2018-01-29 00:47:56 INFO  ApacheHttpClient.testConnection(178) - responseCode = 200
2018-01-29 00:47:56 INFO  ApacheHttpClient.testConnection(185) - result = true
2018-01-29 00:47:58 INFO  ApacheHttpClient.testConnection(178) - responseCode = 200
2018-01-29 00:47:58 INFO  ApacheHttpClient.testConnection(185) - result = true
2018-01-29 00:48:36 INFO  ApacheHttpClient.sendEvent(450) - responseCode = 200
2018-01-29 00:48:41 INFO  ApacheHttpClient.getWebResourceAsStream(420) - responseCode = 200
2018-01-29 00:48:41 INFO  ApacheHttpClient.getTask(405) - responseCode = 200
2018-01-29 00:48:41 INFO  ApacheHttpClient.getTask(405) - responseCode = 200
2018-01-29 00:48:41 INFO  ApacheHttpClient.getWebResourceAsStream(420) - responseCode = 200
2018-01-29 00:48:43 INFO  ApacheHttpClient.completed(27) - responseCode = 200
2018-01-29 00:48:43 INFO  ApacheHttpClient.getTask(405) - responseCode = 200
2018-01-29 00:49:05 INFO  ApacheHttpClient.getWebResourceAsStream(420) - responseCode = 200
2018-01-29 00:49:06 INFO  ApacheHttpClient.getTask(405) - responseCode = 200
2018-01-29 00:49:06 INFO  ApacheHttpClient.getWebResourceAsStream(420) - responseCode = 200
2018-01-29 00:49:08 INFO  ApacheHttpClient.completed(27) - responseCode = 200
2018-01-29 00:49:36 INFO  ApacheHttpClient.sendEvent(450) - responseCode = 200
2018-01-29 00:49:45 INFO  ApacheHttpClient.getWebResourceAsStream(420) - responseCode = 200
2018-01-29 00:49:45 INFO  ApacheHttpClient.getTask(405) - responseCode = 200
2018-01-29 00:50:07 INFO  ApacheHttpClient.getWebResourceAsStream(420) - responseCode = 200
2018-01-29 00:50:07 INFO  ApacheHttpClient.getTask(405) - responseCode = 200
2018-01-29 00:50:36 INFO  ApacheHttpClient.sendEvent(450) - responseCode = 200
2018-01-29 00:51:36 INFO  ApacheHttpClient.sendEvent(450) - responseCode = 200
2018-01-29 00:52:36 INFO  ApacheHttpClient.sendEvent(450) - responseCode = 200
2018-01-29 00:53:36 INFO  ApacheHttpClient.sendEvent(450) - responseCode = 200
2018-01-29 00:54:36 INFO  ApacheHttpClient.sendEvent(450) - responseCode = 200
2018-01-29 00:55:36 INFO  ApacheHttpClient.sendEvent(450) - responseCode = 200
2018-01-29 00:56:36 INFO  ApacheHttpClient.sendEvent(450) - responseCode = 200
2018-01-29 00:57:36 INFO  ApacheHttpClient.sendEvent(450) - responseCode = 200
2018-01-29 00:58:33 INFO  ApacheHttpClient.testConnection(178) - responseCode = 200
2018-01-29 00:58:33 INFO  ApacheHttpClient.testConnection(185) - result = true
2018-01-29 00:58:33 INFO  ApacheHttpClient.testConnection(178) - responseCode = 200
2018-01-29 00:58:33 INFO  ApacheHttpClient.testConnection(185) - result = true
2018-01-29 00:58:33 INFO  ApacheHttpClient.getWebResourceAsStream(420) - responseCode = 200
2018-01-29 00:58:36 INFO  ApacheHttpClient.sendEvent(450) - responseCode = 200
2018-01-29 00:58:36 INFO  ApacheHttpClient.sendEvent(450) - responseCode = 200
2018-01-29 00:59:36 INFO  ApacheHttpClient.sendEvent(450) - responseCode = 200
2018-01-29 01:00:36 INFO  ApacheHttpClient.sendEvent(450) - responseCode = 200
2018-01-29 01:01:36 INFO  ApacheHttpClient.sendEvent(450) - responseCode = 200
2018-01-29 01:02:36 INFO  ApacheHttpClient.sendEvent(450) - responseCode = 200
2018-01-29 01:03:36 INFO  ApacheHttpClient.sendEvent(450) - responseCode = 200
2018-01-29 01:04:36 INFO  ApacheHttpClient.sendEvent(450) - responseCode = 200
2018-01-29 01:05:36 INFO  ApacheHttpClient.sendEvent(450) - responseCode = 200
2018-01-29 01:06:36 INFO  ApacheHttpClient.sendEvent(450) - responseCode = 200
2018-01-29 01:07:36 INFO  ApacheHttpClient.sendEvent(450) - responseCode = 200
2018-01-29 01:08:36 INFO  ApacheHttpClient.sendEvent(450) - responseCode = 200
2018-01-29 01:09:36 INFO  ApacheHttpClient.sendEvent(450) - responseCode = 200
2018-01-29 01:10:36 INFO  ApacheHttpClient.sendEvent(450) - responseCode = 200
2018-01-29 01:11:36 INFO  ApacheHttpClient.sendEvent(450) - responseCode = 200
2018-01-29 01:12:36 INFO  ApacheHttpClient.sendEvent(450) - responseCode = 200
2018-01-29 01:13:36 INFO  ApacheHttpClient.sendEvent(450) - responseCode = 200
2018-01-29 01:14:36 INFO  ApacheHttpClient.sendEvent(450) - responseCode = 200
2018-01-29 01:15:36 INFO  ApacheHttpClient.sendEvent(450) - responseCode = 200
2018-01-29 01:16:05 INFO  ApacheHttpClient.getWebResourceAsStream(420) - responseCode = 200
2018-01-29 01:16:05 INFO  ApacheHttpClient.getTask(405) - responseCode = 200
2018-01-29 01:16:05 INFO  ApacheHttpClient.getWebResourceAsStream(420) - responseCode = 200
2018-01-29 01:16:07 INFO  ApacheHttpClient.completed(27) - responseCode = 200
2018-01-29 01:16:07 INFO  ApacheHttpClient.getTask(405) - responseCode = 200
2018-01-29 01:16:11 INFO  ApacheHttpClient.getWebResourceAsStream(420) - responseCode = 200
2018-01-29 01:16:11 INFO  ApacheHttpClient.getFilteredTasks(307) - responseCode = 200
2018-01-29 01:16:15 INFO  ApacheHttpClient.getFilteredTasks(307) - responseCode = 200
2018-01-29 01:16:17 INFO  ApacheHttpClient.getFilteredTasks(307) - responseCode = 200
2018-01-29 01:16:18 INFO  ApacheHttpClient.getFilteredTasks(307) - responseCode = 200
2018-01-29 01:16:20 INFO  ApacheHttpClient.getFilteredTasks(307) - responseCode = 200
2018-01-29 01:16:24 INFO  ApacheHttpClient.getFilteredTasks(307) - responseCode = 200
2018-01-29 01:16:26 INFO  ApacheHttpClient.getFilteredTasks(307) - responseCode = 200
2018-01-29 01:16:27 INFO  ApacheHttpClient.getFilteredTasks(307) - responseCode = 200
2018-01-29 01:16:29 INFO  ApacheHttpClient.getFilteredTasks(307) - responseCode = 200
2018-01-29 01:16:32 INFO  ApacheHttpClient.getTaskTemplateInfo(324) - responseCode = 200
2018-01-29 01:16:34 INFO  ApacheHttpClient.testConnection(178) - responseCode = 200
2018-01-29 01:16:34 INFO  ApacheHttpClient.testConnection(185) - result = true
2018-01-29 01:16:34 INFO  ApacheHttpClient.testConnection(178) - responseCode = 200
2018-01-29 01:16:34 INFO  ApacheHttpClient.testConnection(185) - result = true
2018-01-29 01:16:34 INFO  ApacheHttpClient.getWebResourceAsStream(420) - responseCode = 200
2018-01-29 01:16:36 INFO  ApacheHttpClient.sendEvent(450) - responseCode = 200
2018-01-29 01:17:36 INFO  ApacheHttpClient.sendEvent(450) - responseCode = 200
2018-01-29 01:18:30 INFO  ApacheHttpClient.getWebResourceAsStream(420) - responseCode = 200
2018-01-29 01:18:31 INFO  ApacheHttpClient.getTask(405) - responseCode = 200
2018-01-29 01:18:31 INFO  ApacheHttpClient.getWebResourceAsStream(420) - responseCode = 200
2018-01-29 01:18:34 INFO  ApacheHttpClient.completed(27) - responseCode = 200
2018-01-29 01:18:36 INFO  ApacheHttpClient.sendEvent(450) - responseCode = 200
2018-01-29 01:19:36 INFO  ApacheHttpClient.sendEvent(450) - responseCode = 200
2018-01-29 01:20:36 INFO  ApacheHttpClient.sendEvent(450) - responseCode = 200
2018-01-29 01:21:36 INFO  ApacheHttpClient.sendEvent(450) - responseCode = 200
2018-01-29 01:22:36 INFO  ApacheHttpClient.sendEvent(450) - responseCode = 200
2018-01-29 01:23:36 INFO  ApacheHttpClient.sendEvent(450) - responseCode = 200
2018-01-29 01:24:36 INFO  ApacheHttpClient.sendEvent(450) - responseCode = 200
2018-01-29 01:25:36 INFO  ApacheHttpClient.sendEvent(450) - responseCode = 200
2018-01-29 01:26:36 INFO  ApacheHttpClient.sendEvent(450) - responseCode = 200
2018-01-29 01:27:36 INFO  ApacheHttpClient.sendEvent(450) - responseCode = 200
2018-01-29 01:28:36 INFO  ApacheHttpClient.sendEvent(450) - responseCode = 200
2018-01-29 01:29:36 INFO  ApacheHttpClient.sendEvent(450) - responseCode = 200
2018-01-29 01:30:36 INFO  ApacheHttpClient.sendEvent(450) - responseCode = 200
2018-01-29 01:31:36 INFO  ApacheHttpClient.sendEvent(450) - responseCode = 200
2018-01-29 01:32:36 INFO  ApacheHttpClient.sendEvent(450) - responseCode = 200
2018-01-29 01:33:36 INFO  ApacheHttpClient.sendEvent(450) - responseCode = 200
2018-01-29 01:34:36 INFO  ApacheHttpClient.sendEvent(450) - responseCode = 200
2018-01-29 01:35:20 INFO  ApacheHttpClient.testConnection(178) - responseCode = 200
2018-01-29 01:35:20 INFO  ApacheHttpClient.testConnection(185) - result = true
2018-01-29 01:35:20 INFO  ApacheHttpClient.testConnection(178) - responseCode = 200
2018-01-29 01:35:20 INFO  ApacheHttpClient.testConnection(185) - result = true
2018-01-29 01:35:21 INFO  ApacheHttpClient.getWebResourceAsStream(420) - responseCode = 200
2018-01-29 01:35:36 INFO  ApacheHttpClient.sendEvent(450) - responseCode = 200
2018-01-29 01:36:36 INFO  ApacheHttpClient.sendEvent(450) - responseCode = 200
2018-01-29 01:37:36 INFO  ApacheHttpClient.sendEvent(450) - responseCode = 200
2018-01-29 01:38:36 INFO  ApacheHttpClient.sendEvent(450) - responseCode = 200
2018-01-29 01:39:36 INFO  ApacheHttpClient.sendEvent(450) - responseCode = 200
2018-01-29 01:40:36 INFO  ApacheHttpClient.sendEvent(450) - responseCode = 200
2018-01-29 01:41:36 INFO  ApacheHttpClient.sendEvent(450) - responseCode = 200
2018-01-29 01:42:36 INFO  ApacheHttpClient.sendEvent(450) - responseCode = 200
2018-01-29 01:43:36 INFO  ApacheHttpClient.sendEvent(450) - responseCode = 200
2018-01-29 01:44:36 INFO  ApacheHttpClient.sendEvent(450) - responseCode = 200
2018-01-29 01:45:36 INFO  ApacheHttpClient.sendEvent(450) - responseCode = 200
2018-01-29 01:46:36 INFO  ApacheHttpClient.sendEvent(450) - responseCode = 200
2018-01-29 01:47:36 INFO  ApacheHttpClient.sendEvent(450) - responseCode = 200
2018-01-29 01:48:36 INFO  ApacheHttpClient.sendEvent(450) - responseCode = 200
2018-01-29 01:49:36 INFO  ApacheHttpClient.sendEvent(450) - responseCode = 200
2018-01-29 01:50:36 INFO  ApacheHttpClient.sendEvent(450) - responseCode = 200
2018-01-29 01:51:36 INFO  ApacheHttpClient.sendEvent(450) - responseCode = 200
2018-01-29 01:52:36 INFO  ApacheHttpClient.sendEvent(450) - responseCode = 200
2018-01-29 01:53:36 INFO  ApacheHttpClient.sendEvent(450) - responseCode = 200
2018-01-29 01:54:36 INFO  ApacheHttpClient.sendEvent(450) - responseCode = 200
2018-01-29 01:55:36 INFO  ApacheHttpClient.sendEvent(450) - responseCode = 200
2018-01-29 01:56:36 INFO  ApacheHttpClient.sendEvent(450) - responseCode = 200
2018-01-29 01:57:36 INFO  ApacheHttpClient.sendEvent(450) - responseCode = 200
2018-01-29 01:58:36 INFO  ApacheHttpClient.sendEvent(450) - responseCode = 200
2018-01-29 01:59:36 INFO  ApacheHttpClient.sendEvent(450) - responseCode = 200
2018-01-29 02:00:36 INFO  ApacheHttpClient.sendEvent(450) - responseCode = 200
2018-01-29 02:01:36 INFO  ApacheHttpClient.sendEvent(450) - responseCode = 200
2018-01-29 02:02:36 INFO  ApacheHttpClient.sendEvent(450) - responseCode = 200
2018-01-29 02:03:36 INFO  ApacheHttpClient.sendEvent(450) - responseCode = 200
2018-01-29 02:04:36 INFO  ApacheHttpClient.sendEvent(450) - responseCode = 200
2018-01-29 02:05:36 INFO  ApacheHttpClient.sendEvent(450) - responseCode = 200
2018-01-29 02:06:36 INFO  ApacheHttpClient.sendEvent(450) - responseCode = 200
2018-01-29 02:07:36 INFO  ApacheHttpClient.sendEvent(450) - responseCode = 200
2018-01-29 02:08:36 INFO  ApacheHttpClient.sendEvent(450) - responseCode = 200
2018-01-29 02:09:36 INFO  ApacheHttpClient.sendEvent(450) - responseCode = 200
2018-01-29 02:10:36 INFO  ApacheHttpClient.sendEvent(450) - responseCode = 200
2018-01-29 02:11:36 INFO  ApacheHttpClient.sendEvent(450) - responseCode = 200
2018-01-29 02:12:36 INFO  ApacheHttpClient.sendEvent(450) - responseCode = 200
2018-01-29 02:13:36 INFO  ApacheHttpClient.sendEvent(450) - responseCode = 200
2018-01-29 02:14:36 INFO  ApacheHttpClient.sendEvent(450) - responseCode = 200
2018-01-29 02:15:36 INFO  ApacheHttpClient.sendEvent(450) - responseCode = 200
2018-01-29 02:16:36 INFO  ApacheHttpClient.sendEvent(450) - responseCode = 200
2018-01-29 02:17:36 INFO  ApacheHttpClient.sendEvent(450) - responseCode = 200
2018-01-29 02:18:36 INFO  ApacheHttpClient.sendEvent(450) - responseCode = 200
2018-01-29 02:19:36 INFO  ApacheHttpClient.sendEvent(450) - responseCode = 200
2018-01-29 02:20:36 INFO  ApacheHttpClient.sendEvent(450) - responseCode = 200
2018-01-29 02:21:36 INFO  ApacheHttpClient.sendEvent(450) - responseCode = 200
2018-01-29 02:22:36 INFO  ApacheHttpClient.sendEvent(450) - responseCode = 200
2018-01-29 02:23:36 INFO  ApacheHttpClient.sendEvent(450) - responseCode = 200
2018-01-29 02:24:36 INFO  ApacheHttpClient.sendEvent(450) - responseCode = 200
2018-01-29 02:25:36 INFO  ApacheHttpClient.sendEvent(450) - responseCode = 200
2018-01-29 02:26:36 INFO  ApacheHttpClient.sendEvent(450) - responseCode = 200
2018-01-29 02:27:36 INFO  ApacheHttpClient.sendEvent(450) - responseCode = 200
2018-01-29 02:28:36 INFO  ApacheHttpClient.sendEvent(450) - responseCode = 200
2018-01-29 02:29:36 INFO  ApacheHttpClient.sendEvent(450) - responseCode = 200
2018-01-29 02:30:36 INFO  ApacheHttpClient.sendEvent(450) - responseCode = 200
2018-01-29 02:31:36 INFO  ApacheHttpClient.sendEvent(450) - responseCode = 200
2018-01-29 02:32:36 INFO  ApacheHttpClient.sendEvent(450) - responseCode = 200
2018-01-29 02:33:36 INFO  ApacheHttpClient.sendEvent(450) - responseCode = 200
2018-01-29 02:34:36 INFO  ApacheHttpClient.sendEvent(450) - responseCode = 200
2018-01-29 02:35:36 INFO  ApacheHttpClient.sendEvent(450) - responseCode = 200
2018-01-29 02:36:36 INFO  ApacheHttpClient.sendEvent(450) - responseCode = 200
2018-01-29 02:37:37 INFO  ApacheHttpClient.sendEvent(450) - responseCode = 200
2018-01-29 02:38:36 INFO  ApacheHttpClient.sendEvent(450) - responseCode = 200
2018-01-29 02:39:36 INFO  ApacheHttpClient.sendEvent(450) - responseCode = 200
2018-01-29 02:40:36 INFO  ApacheHttpClient.sendEvent(450) - responseCode = 200
2018-01-29 02:41:36 INFO  ApacheHttpClient.sendEvent(450) - responseCode = 200
2018-01-29 02:42:36 INFO  ApacheHttpClient.sendEvent(450) - responseCode = 200
2018-01-29 02:43:36 INFO  ApacheHttpClient.sendEvent(450) - responseCode = 200
2018-01-29 02:44:36 INFO  ApacheHttpClient.sendEvent(450) - responseCode = 200
2018-01-29 02:45:36 INFO  ApacheHttpClient.sendEvent(450) - responseCode = 200
2018-01-29 02:46:36 INFO  ApacheHttpClient.sendEvent(450) - responseCode = 200
2018-01-29 02:47:36 INFO  ApacheHttpClient.sendEvent(450) - responseCode = 200
2018-01-29 02:48:36 INFO  ApacheHttpClient.sendEvent(450) - responseCode = 200
2018-01-29 02:49:36 INFO  ApacheHttpClient.sendEvent(450) - responseCode = 200
2018-01-29 02:50:36 INFO  ApacheHttpClient.sendEvent(450) - responseCode = 200
2018-01-29 02:51:36 INFO  ApacheHttpClient.sendEvent(450) - responseCode = 200
2018-01-29 02:52:36 INFO  ApacheHttpClient.sendEvent(450) - responseCode = 200
2018-01-29 02:53:36 INFO  ApacheHttpClient.sendEvent(450) - responseCode = 200
2018-01-29 02:54:36 INFO  ApacheHttpClient.sendEvent(450) - responseCode = 200
2018-01-29 02:55:36 INFO  ApacheHttpClient.sendEvent(450) - responseCode = 200
2018-01-29 02:56:36 INFO  ApacheHttpClient.sendEvent(450) - responseCode = 200
2018-01-29 02:57:36 INFO  ApacheHttpClient.sendEvent(450) - responseCode = 200
2018-01-29 02:58:36 INFO  ApacheHttpClient.sendEvent(450) - responseCode = 200
2018-01-29 02:59:36 INFO  ApacheHttpClient.sendEvent(450) - responseCode = 200
2018-01-29 03:00:36 INFO  ApacheHttpClient.sendEvent(450) - responseCode = 200
2018-01-29 03:01:36 INFO  ApacheHttpClient.sendEvent(450) - responseCode = 200
2018-01-29 03:02:36 INFO  ApacheHttpClient.sendEvent(450) - responseCode = 200
2018-01-29 03:03:36 INFO  ApacheHttpClient.sendEvent(450) - responseCode = 200
2018-01-29 03:04:36 INFO  ApacheHttpClient.sendEvent(450) - responseCode = 200
2018-01-29 03:05:36 INFO  ApacheHttpClient.sendEvent(450) - responseCode = 200
2018-01-29 03:06:36 INFO  ApacheHttpClient.sendEvent(450) - responseCode = 200
2018-01-29 03:07:36 INFO  ApacheHttpClient.sendEvent(450) - responseCode = 200
2018-01-29 03:08:36 INFO  ApacheHttpClient.sendEvent(450) - responseCode = 200
2018-01-29 03:09:36 INFO  ApacheHttpClient.sendEvent(450) - responseCode = 200
2018-01-29 03:10:36 INFO  ApacheHttpClient.sendEvent(450) - responseCode = 200
2018-01-29 03:11:36 INFO  ApacheHttpClient.sendEvent(450) - responseCode = 200
2018-01-29 03:12:36 INFO  ApacheHttpClient.sendEvent(450) - responseCode = 200
2018-01-29 03:13:36 INFO  ApacheHttpClient.sendEvent(450) - responseCode = 200
2018-01-29 03:14:36 INFO  ApacheHttpClient.sendEvent(450) - responseCode = 200
2018-01-29 03:15:36 INFO  ApacheHttpClient.sendEvent(450) - responseCode = 200
2018-01-29 03:16:36 INFO  ApacheHttpClient.sendEvent(450) - responseCode = 200
2018-01-29 03:17:36 INFO  ApacheHttpClient.sendEvent(450) - responseCode = 200
2018-01-29 03:18:36 INFO  ApacheHttpClient.sendEvent(450) - responseCode = 200
2018-01-29 03:19:36 INFO  ApacheHttpClient.sendEvent(450) - responseCode = 200
2018-01-29 03:20:36 INFO  ApacheHttpClient.sendEvent(450) - responseCode = 200
2018-01-29 03:21:36 INFO  ApacheHttpClient.sendEvent(450) - responseCode = 200
2018-01-29 03:22:36 INFO  ApacheHttpClient.sendEvent(450) - responseCode = 200
2018-01-29 03:23:36 INFO  ApacheHttpClient.sendEvent(450) - responseCode = 200
2018-01-29 03:24:36 INFO  ApacheHttpClient.sendEvent(450) - responseCode = 200
2018-01-29 03:25:36 INFO  ApacheHttpClient.sendEvent(450) - responseCode = 200
2018-01-29 03:26:36 INFO  ApacheHttpClient.sendEvent(450) - responseCode = 200
2018-01-29 03:27:36 INFO  ApacheHttpClient.sendEvent(450) - responseCode = 200
2018-01-29 03:28:36 INFO  ApacheHttpClient.sendEvent(450) - responseCode = 200
2018-01-29 03:29:36 INFO  ApacheHttpClient.sendEvent(450) - responseCode = 200
2018-01-29 03:30:36 INFO  ApacheHttpClient.sendEvent(450) - responseCode = 200
2018-01-29 03:31:36 INFO  ApacheHttpClient.sendEvent(450) - responseCode = 200
2018-01-29 03:32:36 INFO  ApacheHttpClient.sendEvent(450) - responseCode = 200
2018-01-29 03:33:36 INFO  ApacheHttpClient.sendEvent(450) - responseCode = 200
2018-01-29 03:34:36 INFO  ApacheHttpClient.sendEvent(450) - responseCode = 200
2018-01-29 03:35:36 INFO  ApacheHttpClient.sendEvent(450) - responseCode = 200
2018-01-29 03:36:36 INFO  ApacheHttpClient.sendEvent(450) - responseCode = 200
2018-01-29 03:37:36 INFO  ApacheHttpClient.sendEvent(450) - responseCode = 200
2018-01-29 03:38:36 INFO  ApacheHttpClient.sendEvent(450) - responseCode = 200
2018-01-29 03:39:36 INFO  ApacheHttpClient.sendEvent(450) - responseCode = 200
2018-01-29 03:40:36 INFO  ApacheHttpClient.sendEvent(450) - responseCode = 200
2018-01-29 03:41:36 INFO  ApacheHttpClient.sendEvent(450) - responseCode = 200
2018-01-29 03:42:36 INFO  ApacheHttpClient.sendEvent(450) - responseCode = 200
2018-01-29 03:43:36 INFO  ApacheHttpClient.sendEvent(450) - responseCode = 200
2018-01-29 03:44:36 INFO  ApacheHttpClient.sendEvent(450) - responseCode = 200
2018-01-29 03:45:36 INFO  ApacheHttpClient.sendEvent(450) - responseCode = 200
2018-01-29 03:46:36 INFO  ApacheHttpClient.sendEvent(450) - responseCode = 200
2018-01-29 03:47:36 INFO  ApacheHttpClient.sendEvent(450) - responseCode = 200
2018-01-29 03:48:36 INFO  ApacheHttpClient.sendEvent(450) - responseCode = 200
2018-01-29 03:49:36 INFO  ApacheHttpClient.sendEvent(450) - responseCode = 200
2018-01-29 03:50:36 INFO  ApacheHttpClient.sendEvent(450) - responseCode = 200
2018-01-29 03:51:36 INFO  ApacheHttpClient.sendEvent(450) - responseCode = 200
2018-01-29 03:52:36 INFO  ApacheHttpClient.sendEvent(450) - responseCode = 200
2018-01-29 03:53:36 INFO  ApacheHttpClient.sendEvent(450) - responseCode = 200
2018-01-29 03:54:36 INFO  ApacheHttpClient.sendEvent(450) - responseCode = 200
2018-01-29 03:55:36 INFO  ApacheHttpClient.sendEvent(450) - responseCode = 200
2018-01-29 03:56:36 INFO  ApacheHttpClient.sendEvent(450) - responseCode = 200
2018-01-29 03:57:36 INFO  ApacheHttpClient.sendEvent(450) - responseCode = 200
2018-01-29 03:58:36 INFO  ApacheHttpClient.sendEvent(450) - responseCode = 200
2018-01-29 03:59:36 INFO  ApacheHttpClient.sendEvent(450) - responseCode = 200
2018-01-29 04:00:36 INFO  ApacheHttpClient.sendEvent(450) - responseCode = 200
2018-01-29 04:01:36 INFO  ApacheHttpClient.sendEvent(450) - responseCode = 200
2018-01-29 04:02:36 INFO  ApacheHttpClient.sendEvent(450) - responseCode = 200
2018-01-29 04:03:36 INFO  ApacheHttpClient.sendEvent(450) - responseCode = 200
2018-01-29 04:04:36 INFO  ApacheHttpClient.sendEvent(450) - responseCode = 200
2018-01-29 04:05:36 INFO  ApacheHttpClient.sendEvent(450) - responseCode = 200
2018-01-29 04:06:36 INFO  ApacheHttpClient.sendEvent(450) - responseCode = 200
2018-01-29 04:07:36 INFO  ApacheHttpClient.sendEvent(450) - responseCode = 200
2018-01-29 04:08:36 INFO  ApacheHttpClient.sendEvent(450) - responseCode = 200
2018-01-29 04:09:36 INFO  ApacheHttpClient.sendEvent(450) - responseCode = 200
2018-01-29 04:10:36 INFO  ApacheHttpClient.sendEvent(450) - responseCode = 200
2018-01-29 04:11:36 INFO  ApacheHttpClient.sendEvent(450) - responseCode = 200
2018-01-29 04:12:36 INFO  ApacheHttpClient.sendEvent(450) - responseCode = 200
2018-01-29 04:13:36 INFO  ApacheHttpClient.sendEvent(450) - responseCode = 200
2018-01-29 04:14:36 INFO  ApacheHttpClient.sendEvent(450) - responseCode = 200
2018-01-29 04:15:36 INFO  ApacheHttpClient.sendEvent(450) - responseCode = 200
2018-01-29 04:16:36 INFO  ApacheHttpClient.sendEvent(450) - responseCode = 200
2018-01-29 04:17:36 INFO  ApacheHttpClient.sendEvent(450) - responseCode = 200
2018-01-29 04:18:36 INFO  ApacheHttpClient.sendEvent(450) - responseCode = 200
2018-01-29 04:19:36 INFO  ApacheHttpClient.sendEvent(450) - responseCode = 200
2018-01-29 04:20:36 INFO  ApacheHttpClient.sendEvent(450) - responseCode = 200
2018-01-29 04:21:36 INFO  ApacheHttpClient.sendEvent(450) - responseCode = 200
2018-01-29 04:22:36 INFO  ApacheHttpClient.sendEvent(450) - responseCode = 200
2018-01-29 04:23:36 INFO  ApacheHttpClient.sendEvent(450) - responseCode = 200
2018-01-29 04:24:36 INFO  ApacheHttpClient.sendEvent(450) - responseCode = 200
2018-01-29 04:25:36 INFO  ApacheHttpClient.sendEvent(450) - responseCode = 200
2018-01-29 04:26:36 INFO  ApacheHttpClient.sendEvent(450) - responseCode = 200
2018-01-29 04:27:36 INFO  ApacheHttpClient.sendEvent(450) - responseCode = 200
2018-01-29 04:28:36 INFO  ApacheHttpClient.sendEvent(450) - responseCode = 200
2018-01-29 04:29:36 INFO  ApacheHttpClient.sendEvent(450) - responseCode = 200
2018-01-29 04:30:36 INFO  ApacheHttpClient.sendEvent(450) - responseCode = 200
2018-01-29 04:31:36 INFO  ApacheHttpClient.sendEvent(450) - responseCode = 200
2018-01-29 04:32:36 INFO  ApacheHttpClient.sendEvent(450) - responseCode = 200
2018-01-29 04:33:36 INFO  ApacheHttpClient.sendEvent(450) - responseCode = 200
2018-01-29 04:34:36 INFO  ApacheHttpClient.sendEvent(450) - responseCode = 200
2018-01-29 04:35:36 INFO  ApacheHttpClient.sendEvent(450) - responseCode = 200
2018-01-29 04:36:36 INFO  ApacheHttpClient.sendEvent(450) - responseCode = 200
2018-01-29 04:37:36 INFO  ApacheHttpClient.sendEvent(450) - responseCode = 200
2018-01-29 04:38:36 INFO  ApacheHttpClient.sendEvent(450) - responseCode = 200
2018-01-29 04:39:36 INFO  ApacheHttpClient.sendEvent(450) - responseCode = 200
2018-01-29 04:40:36 INFO  ApacheHttpClient.sendEvent(450) - responseCode = 200
2018-01-29 04:41:36 INFO  ApacheHttpClient.sendEvent(450) - responseCode = 200
2018-01-29 04:42:36 INFO  ApacheHttpClient.sendEvent(450) - responseCode = 200
2018-01-29 04:43:36 INFO  ApacheHttpClient.sendEvent(450) - responseCode = 200
2018-01-29 04:44:36 INFO  ApacheHttpClient.sendEvent(450) - responseCode = 200
2018-01-29 04:45:36 INFO  ApacheHttpClient.sendEvent(450) - responseCode = 200
2018-01-29 04:46:36 INFO  ApacheHttpClient.sendEvent(450) - responseCode = 200
2018-01-29 04:47:36 INFO  ApacheHttpClient.sendEvent(450) - responseCode = 200
2018-01-29 04:48:36 INFO  ApacheHttpClient.sendEvent(450) - responseCode = 200
2018-01-29 04:49:36 INFO  ApacheHttpClient.sendEvent(450) - responseCode = 200
2018-01-29 04:50:36 INFO  ApacheHttpClient.sendEvent(450) - responseCode = 200
2018-01-29 04:51:36 INFO  ApacheHttpClient.sendEvent(450) - responseCode = 200
2018-01-29 04:52:36 INFO  ApacheHttpClient.sendEvent(450) - responseCode = 200
2018-01-29 04:53:36 INFO  ApacheHttpClient.sendEvent(450) - responseCode = 200
2018-01-29 04:54:36 INFO  ApacheHttpClient.sendEvent(450) - responseCode = 200
2018-01-29 04:55:36 INFO  ApacheHttpClient.sendEvent(450) - responseCode = 200
2018-01-29 04:56:36 INFO  ApacheHttpClient.sendEvent(450) - responseCode = 200
2018-01-29 04:57:36 INFO  ApacheHttpClient.sendEvent(450) - responseCode = 200
2018-01-29 04:58:36 INFO  ApacheHttpClient.sendEvent(450) - responseCode = 200
2018-01-29 04:59:36 INFO  ApacheHttpClient.sendEvent(450) - responseCode = 200
2018-01-29 05:00:36 INFO  ApacheHttpClient.sendEvent(450) - responseCode = 200
2018-01-29 05:01:36 INFO  ApacheHttpClient.sendEvent(450) - responseCode = 200
2018-01-29 05:02:36 INFO  ApacheHttpClient.sendEvent(450) - responseCode = 200
2018-01-29 05:03:36 INFO  ApacheHttpClient.sendEvent(450) - responseCode = 200
2018-01-29 05:04:36 INFO  ApacheHttpClient.sendEvent(450) - responseCode = 200
2018-01-29 05:05:36 INFO  ApacheHttpClient.sendEvent(450) - responseCode = 200
2018-01-29 05:06:36 INFO  ApacheHttpClient.sendEvent(450) - responseCode = 200
2018-01-29 05:07:36 INFO  ApacheHttpClient.sendEvent(450) - responseCode = 200
2018-01-29 05:08:36 INFO  ApacheHttpClient.sendEvent(450) - responseCode = 200
2018-01-29 05:09:36 INFO  ApacheHttpClient.sendEvent(450) - responseCode = 200
2018-01-29 05:10:36 INFO  ApacheHttpClient.sendEvent(450) - responseCode = 200
2018-01-29 05:11:36 INFO  ApacheHttpClient.sendEvent(450) - responseCode = 200
2018-01-29 05:12:36 INFO  ApacheHttpClient.sendEvent(450) - responseCode = 200
2018-01-29 05:13:36 INFO  ApacheHttpClient.sendEvent(450) - responseCode = 200
2018-01-29 05:14:36 INFO  ApacheHttpClient.sendEvent(450) - responseCode = 200
2018-01-29 05:15:36 INFO  ApacheHttpClient.sendEvent(450) - responseCode = 200
2018-01-29 05:16:36 INFO  ApacheHttpClient.sendEvent(450) - responseCode = 200
2018-01-29 05:17:36 INFO  ApacheHttpClient.sendEvent(450) - responseCode = 200
2018-01-29 05:18:36 INFO  ApacheHttpClient.sendEvent(450) - responseCode = 200
2018-01-29 05:19:36 INFO  ApacheHttpClient.sendEvent(450) - responseCode = 200
2018-01-29 05:20:36 INFO  ApacheHttpClient.sendEvent(450) - responseCode = 200
2018-01-29 05:21:36 INFO  ApacheHttpClient.sendEvent(450) - responseCode = 200
2018-01-29 05:22:36 INFO  ApacheHttpClient.sendEvent(450) - responseCode = 200
2018-01-29 05:23:36 INFO  ApacheHttpClient.sendEvent(450) - responseCode = 200
2018-01-29 05:24:36 INFO  ApacheHttpClient.sendEvent(450) - responseCode = 200
2018-01-29 05:25:36 INFO  ApacheHttpClient.sendEvent(450) - responseCode = 200
2018-01-29 05:26:36 INFO  ApacheHttpClient.sendEvent(450) - responseCode = 200
2018-01-29 05:27:36 INFO  ApacheHttpClient.sendEvent(450) - responseCode = 200
2018-01-29 05:28:36 INFO  ApacheHttpClient.sendEvent(450) - responseCode = 200
2018-01-29 05:29:36 INFO  ApacheHttpClient.sendEvent(450) - responseCode = 200
2018-01-29 05:30:36 INFO  ApacheHttpClient.sendEvent(450) - responseCode = 200
2018-01-29 05:31:36 INFO  ApacheHttpClient.sendEvent(450) - responseCode = 200
2018-01-29 05:32:36 INFO  ApacheHttpClient.sendEvent(450) - responseCode = 200
2018-01-29 05:33:36 INFO  ApacheHttpClient.sendEvent(450) - responseCode = 200
2018-01-29 05:34:36 INFO  ApacheHttpClient.sendEvent(450) - responseCode = 200
2018-01-29 05:35:36 INFO  ApacheHttpClient.sendEvent(450) - responseCode = 200
2018-01-29 05:36:36 INFO  ApacheHttpClient.sendEvent(450) - responseCode = 200
2018-01-29 05:37:36 INFO  ApacheHttpClient.sendEvent(450) - responseCode = 200
2018-01-29 05:38:36 INFO  ApacheHttpClient.sendEvent(450) - responseCode = 200
2018-01-29 05:39:36 INFO  ApacheHttpClient.sendEvent(450) - responseCode = 200
2018-01-29 05:40:36 INFO  ApacheHttpClient.sendEvent(450) - responseCode = 200
2018-01-29 05:41:36 INFO  ApacheHttpClient.sendEvent(450) - responseCode = 200
2018-01-29 05:42:36 INFO  ApacheHttpClient.sendEvent(450) - responseCode = 200
2018-01-29 05:43:36 INFO  ApacheHttpClient.sendEvent(450) - responseCode = 200
2018-01-29 05:44:36 INFO  ApacheHttpClient.sendEvent(450) - responseCode = 200
2018-01-29 05:45:36 INFO  ApacheHttpClient.sendEvent(450) - responseCode = 200
2018-01-29 05:46:36 INFO  ApacheHttpClient.sendEvent(450) - responseCode = 200
2018-01-29 05:47:36 INFO  ApacheHttpClient.sendEvent(450) - responseCode = 200
2018-01-29 05:48:36 INFO  ApacheHttpClient.sendEvent(450) - responseCode = 200
2018-01-29 05:49:36 INFO  ApacheHttpClient.sendEvent(450) - responseCode = 200
2018-01-29 05:50:36 INFO  ApacheHttpClient.sendEvent(450) - responseCode = 200
2018-01-29 05:51:36 INFO  ApacheHttpClient.sendEvent(450) - responseCode = 200
2018-01-29 05:52:36 INFO  ApacheHttpClient.sendEvent(450) - responseCode = 200
2018-01-29 05:53:36 INFO  ApacheHttpClient.sendEvent(450) - responseCode = 200
2018-01-29 05:54:36 INFO  ApacheHttpClient.sendEvent(450) - responseCode = 200
2018-01-29 05:55:36 INFO  ApacheHttpClient.sendEvent(450) - responseCode = 200
2018-01-29 05:56:36 INFO  ApacheHttpClient.sendEvent(450) - responseCode = 200
2018-01-29 05:57:36 INFO  ApacheHttpClient.sendEvent(450) - responseCode = 200
2018-01-29 05:58:36 INFO  ApacheHttpClient.sendEvent(450) - responseCode = 200
2018-01-29 05:59:36 INFO  ApacheHttpClient.sendEvent(450) - responseCode = 200
2018-01-29 06:00:36 INFO  ApacheHttpClient.sendEvent(450) - responseCode = 200
2018-01-29 06:01:36 INFO  ApacheHttpClient.sendEvent(450) - responseCode = 200
2018-01-29 06:02:36 INFO  ApacheHttpClient.sendEvent(450) - responseCode = 200
2018-01-29 06:03:36 INFO  ApacheHttpClient.sendEvent(450) - responseCode = 200
2018-01-29 06:04:36 INFO  ApacheHttpClient.sendEvent(450) - responseCode = 200
2018-01-29 06:05:36 INFO  ApacheHttpClient.sendEvent(450) - responseCode = 200
2018-01-29 06:06:36 INFO  ApacheHttpClient.sendEvent(450) - responseCode = 200
2018-01-29 06:07:36 INFO  ApacheHttpClient.sendEvent(450) - responseCode = 200
2018-01-29 06:08:36 INFO  ApacheHttpClient.sendEvent(450) - responseCode = 200
2018-01-29 06:09:36 INFO  ApacheHttpClient.sendEvent(450) - responseCode = 200
2018-01-29 06:10:36 INFO  ApacheHttpClient.sendEvent(450) - responseCode = 200
2018-01-29 06:11:36 INFO  ApacheHttpClient.sendEvent(450) - responseCode = 200
2018-01-29 06:12:36 INFO  ApacheHttpClient.sendEvent(450) - responseCode = 200
2018-01-29 06:13:36 INFO  ApacheHttpClient.sendEvent(450) - responseCode = 200
2018-01-29 06:14:36 INFO  ApacheHttpClient.sendEvent(450) - responseCode = 200
2018-01-29 06:15:36 INFO  ApacheHttpClient.sendEvent(450) - responseCode = 200
2018-01-29 06:16:36 INFO  ApacheHttpClient.sendEvent(450) - responseCode = 200
2018-01-29 06:17:36 INFO  ApacheHttpClient.sendEvent(450) - responseCode = 200
2018-01-29 06:18:36 INFO  ApacheHttpClient.sendEvent(450) - responseCode = 200
2018-01-29 06:19:36 INFO  ApacheHttpClient.sendEvent(450) - responseCode = 200
2018-01-29 06:20:36 INFO  ApacheHttpClient.sendEvent(450) - responseCode = 200
2018-01-29 06:21:36 INFO  ApacheHttpClient.sendEvent(450) - responseCode = 200
2018-01-29 06:22:36 INFO  ApacheHttpClient.sendEvent(450) - responseCode = 200
2018-01-29 06:23:36 INFO  ApacheHttpClient.sendEvent(450) - responseCode = 200
2018-01-29 06:24:36 INFO  ApacheHttpClient.sendEvent(450) - responseCode = 200
2018-01-29 06:25:36 INFO  ApacheHttpClient.sendEvent(450) - responseCode = 200
2018-01-29 06:26:36 INFO  ApacheHttpClient.sendEvent(450) - responseCode = 200
2018-01-29 06:27:36 INFO  ApacheHttpClient.sendEvent(450) - responseCode = 200
2018-01-29 06:28:36 INFO  ApacheHttpClient.sendEvent(450) - responseCode = 200
2018-01-29 06:29:36 INFO  ApacheHttpClient.sendEvent(450) - responseCode = 200
2018-01-29 06:30:36 INFO  ApacheHttpClient.sendEvent(450) - responseCode = 200
2018-01-29 06:31:36 INFO  ApacheHttpClient.sendEvent(450) - responseCode = 200
2018-01-29 06:32:36 INFO  ApacheHttpClient.sendEvent(450) - responseCode = 200
2018-01-29 06:33:36 INFO  ApacheHttpClient.sendEvent(450) - responseCode = 200
2018-01-29 06:34:36 INFO  ApacheHttpClient.sendEvent(450) - responseCode = 200
2018-01-29 06:35:36 INFO  ApacheHttpClient.sendEvent(450) - responseCode = 200
2018-01-29 06:36:36 INFO  ApacheHttpClient.sendEvent(450) - responseCode = 200
2018-01-29 06:37:36 INFO  ApacheHttpClient.sendEvent(450) - responseCode = 200
2018-01-29 06:38:36 INFO  ApacheHttpClient.sendEvent(450) - responseCode = 200
2018-01-29 06:39:36 INFO  ApacheHttpClient.sendEvent(450) - responseCode = 200
2018-01-29 06:40:36 INFO  ApacheHttpClient.sendEvent(450) - responseCode = 200
2018-01-29 06:41:36 INFO  ApacheHttpClient.sendEvent(450) - responseCode = 200
2018-01-29 06:42:36 INFO  ApacheHttpClient.sendEvent(450) - responseCode = 200
2018-01-29 06:43:36 INFO  ApacheHttpClient.sendEvent(450) - responseCode = 200
2018-01-29 06:44:36 INFO  ApacheHttpClient.sendEvent(450) - responseCode = 200
2018-01-29 06:45:36 INFO  ApacheHttpClient.sendEvent(450) - responseCode = 200
2018-01-29 06:46:36 INFO  ApacheHttpClient.sendEvent(450) - responseCode = 200
2018-01-29 06:47:36 INFO  ApacheHttpClient.sendEvent(450) - responseCode = 200
2018-01-29 06:48:36 INFO  ApacheHttpClient.sendEvent(450) - responseCode = 200
2018-01-29 06:49:36 INFO  ApacheHttpClient.sendEvent(450) - responseCode = 200
2018-01-29 06:50:36 INFO  ApacheHttpClient.sendEvent(450) - responseCode = 200
2018-01-29 06:51:36 INFO  ApacheHttpClient.sendEvent(450) - responseCode = 200
2018-01-29 06:52:36 INFO  ApacheHttpClient.sendEvent(450) - responseCode = 200
2018-01-29 06:53:36 INFO  ApacheHttpClient.sendEvent(450) - responseCode = 200
2018-01-29 06:54:36 INFO  ApacheHttpClient.sendEvent(450) - responseCode = 200
2018-01-29 06:55:36 INFO  ApacheHttpClient.sendEvent(450) - responseCode = 200
2018-01-29 06:56:36 INFO  ApacheHttpClient.sendEvent(450) - responseCode = 200
2018-01-29 06:57:36 INFO  ApacheHttpClient.sendEvent(450) - responseCode = 200
2018-01-29 06:58:36 INFO  ApacheHttpClient.sendEvent(450) - responseCode = 200
2018-01-29 06:59:36 INFO  ApacheHttpClient.sendEvent(450) - responseCode = 200
2018-01-29 07:00:36 INFO  ApacheHttpClient.sendEvent(450) - responseCode = 200
2018-01-29 07:01:36 INFO  ApacheHttpClient.sendEvent(450) - responseCode = 200
2018-01-29 07:02:36 INFO  ApacheHttpClient.sendEvent(450) - responseCode = 200
2018-01-29 07:03:36 INFO  ApacheHttpClient.sendEvent(450) - responseCode = 200
2018-01-29 07:04:36 INFO  ApacheHttpClient.sendEvent(450) - responseCode = 200
2018-01-29 07:05:36 INFO  ApacheHttpClient.sendEvent(450) - responseCode = 200
2018-01-29 07:06:36 INFO  ApacheHttpClient.sendEvent(450) - responseCode = 200
2018-01-29 07:07:36 INFO  ApacheHttpClient.sendEvent(450) - responseCode = 200
2018-01-29 07:08:36 INFO  ApacheHttpClient.sendEvent(450) - responseCode = 200
2018-01-29 07:09:36 INFO  ApacheHttpClient.sendEvent(450) - responseCode = 200
2018-01-29 07:10:36 INFO  ApacheHttpClient.sendEvent(450) - responseCode = 200
2018-01-29 07:11:36 INFO  ApacheHttpClient.sendEvent(450) - responseCode = 200
2018-01-29 07:12:36 INFO  ApacheHttpClient.sendEvent(450) - responseCode = 200
2018-01-29 07:13:36 INFO  ApacheHttpClient.sendEvent(450) - responseCode = 200
2018-01-29 07:14:36 INFO  ApacheHttpClient.sendEvent(450) - responseCode = 200
2018-01-29 07:15:36 INFO  ApacheHttpClient.sendEvent(450) - responseCode = 200
2018-01-29 07:16:36 INFO  ApacheHttpClient.sendEvent(450) - responseCode = 200
2018-01-29 07:17:36 INFO  ApacheHttpClient.sendEvent(450) - responseCode = 200
2018-01-29 07:18:36 INFO  ApacheHttpClient.sendEvent(450) - responseCode = 200
2018-01-29 07:19:36 INFO  ApacheHttpClient.sendEvent(450) - responseCode = 200
2018-01-29 07:20:36 INFO  ApacheHttpClient.sendEvent(450) - responseCode = 200
2018-01-29 07:21:36 INFO  ApacheHttpClient.sendEvent(450) - responseCode = 200
2018-01-29 07:22:36 INFO  ApacheHttpClient.sendEvent(450) - responseCode = 200
2018-01-29 07:23:36 INFO  ApacheHttpClient.sendEvent(450) - responseCode = 200
2018-01-29 07:24:36 INFO  ApacheHttpClient.sendEvent(450) - responseCode = 200
2018-01-29 07:25:36 INFO  ApacheHttpClient.sendEvent(450) - responseCode = 200
2018-01-29 07:26:36 INFO  ApacheHttpClient.sendEvent(450) - responseCode = 200
2018-01-29 07:27:36 INFO  ApacheHttpClient.sendEvent(450) - responseCode = 200
2018-01-29 07:28:36 INFO  ApacheHttpClient.sendEvent(450) - responseCode = 200
2018-01-29 07:29:36 INFO  ApacheHttpClient.sendEvent(450) - responseCode = 200
2018-01-29 07:30:36 INFO  ApacheHttpClient.sendEvent(450) - responseCode = 200
2018-01-29 07:31:36 INFO  ApacheHttpClient.sendEvent(450) - responseCode = 200
2018-01-29 07:32:36 INFO  ApacheHttpClient.sendEvent(450) - responseCode = 200
2018-01-29 07:33:36 INFO  ApacheHttpClient.sendEvent(450) - responseCode = 200
2018-01-29 07:34:36 INFO  ApacheHttpClient.sendEvent(450) - responseCode = 200
2018-01-29 07:35:36 INFO  ApacheHttpClient.sendEvent(450) - responseCode = 200
2018-01-29 07:36:36 INFO  ApacheHttpClient.sendEvent(450) - responseCode = 200
2018-01-29 07:37:36 INFO  ApacheHttpClient.sendEvent(450) - responseCode = 200
2018-01-29 07:38:36 INFO  ApacheHttpClient.sendEvent(450) - responseCode = 200
2018-01-29 07:39:36 INFO  ApacheHttpClient.sendEvent(450) - responseCode = 200
2018-01-29 07:40:36 INFO  ApacheHttpClient.sendEvent(450) - responseCode = 200
2018-01-29 07:41:36 INFO  ApacheHttpClient.sendEvent(450) - responseCode = 200
2018-01-29 07:42:36 INFO  ApacheHttpClient.sendEvent(450) - responseCode = 200
2018-01-29 07:43:36 INFO  ApacheHttpClient.sendEvent(450) - responseCode = 200
2018-01-29 07:44:36 INFO  ApacheHttpClient.sendEvent(450) - responseCode = 200
2018-01-29 07:45:36 INFO  ApacheHttpClient.sendEvent(450) - responseCode = 200
2018-01-29 07:46:36 INFO  ApacheHttpClient.sendEvent(450) - responseCode = 200
2018-01-29 07:47:36 INFO  ApacheHttpClient.sendEvent(450) - responseCode = 200
2018-01-29 07:48:36 INFO  ApacheHttpClient.sendEvent(450) - responseCode = 200
2018-01-29 07:49:36 INFO  ApacheHttpClient.sendEvent(450) - responseCode = 200
2018-01-29 07:50:36 INFO  ApacheHttpClient.sendEvent(450) - responseCode = 200
2018-01-29 07:51:36 INFO  ApacheHttpClient.sendEvent(450) - responseCode = 200
2018-01-29 07:52:36 INFO  ApacheHttpClient.sendEvent(450) - responseCode = 200
2018-01-29 07:53:36 INFO  ApacheHttpClient.sendEvent(450) - responseCode = 200
2018-01-29 07:54:36 INFO  ApacheHttpClient.sendEvent(450) - responseCode = 200
2018-01-29 07:55:36 INFO  ApacheHttpClient.sendEvent(450) - responseCode = 200
2018-01-29 07:56:36 INFO  ApacheHttpClient.sendEvent(450) - responseCode = 200
2018-01-29 07:57:36 INFO  ApacheHttpClient.sendEvent(450) - responseCode = 200
2018-01-29 07:58:36 INFO  ApacheHttpClient.sendEvent(450) - responseCode = 200
2018-01-29 07:59:36 INFO  ApacheHttpClient.sendEvent(450) - responseCode = 200
2018-01-29 08:00:36 INFO  ApacheHttpClient.sendEvent(450) - responseCode = 200
2018-01-29 08:01:36 INFO  ApacheHttpClient.sendEvent(450) - responseCode = 200
2018-01-29 08:02:36 INFO  ApacheHttpClient.sendEvent(450) - responseCode = 200
2018-01-29 08:03:36 INFO  ApacheHttpClient.sendEvent(450) - responseCode = 200
2018-01-29 08:04:36 INFO  ApacheHttpClient.sendEvent(450) - responseCode = 200
2018-01-29 08:05:36 INFO  ApacheHttpClient.sendEvent(450) - responseCode = 200
2018-01-29 08:06:36 INFO  ApacheHttpClient.sendEvent(450) - responseCode = 200
2018-01-29 08:07:36 INFO  ApacheHttpClient.sendEvent(450) - responseCode = 200
2018-01-29 08:08:36 INFO  ApacheHttpClient.sendEvent(450) - responseCode = 200
2018-01-29 08:09:36 INFO  ApacheHttpClient.sendEvent(450) - responseCode = 200
2018-01-29 08:10:36 INFO  ApacheHttpClient.sendEvent(450) - responseCode = 200
2018-01-29 08:11:36 INFO  ApacheHttpClient.sendEvent(450) - responseCode = 200
2018-01-29 08:12:36 INFO  ApacheHttpClient.sendEvent(450) - responseCode = 200
2018-01-29 08:13:36 INFO  ApacheHttpClient.sendEvent(450) - responseCode = 200
2018-01-29 08:14:36 INFO  ApacheHttpClient.sendEvent(450) - responseCode = 200
2018-01-29 08:15:36 INFO  ApacheHttpClient.sendEvent(450) - responseCode = 200
2018-01-29 08:16:36 INFO  ApacheHttpClient.sendEvent(450) - responseCode = 200
2018-01-29 08:17:36 INFO  ApacheHttpClient.sendEvent(450) - responseCode = 200
2018-01-29 08:18:36 INFO  ApacheHttpClient.sendEvent(450) - responseCode = 200
2018-01-29 08:19:36 INFO  ApacheHttpClient.sendEvent(450) - responseCode = 200
2018-01-29 08:20:36 INFO  ApacheHttpClient.sendEvent(450) - responseCode = 200
2018-01-29 08:21:36 INFO  ApacheHttpClient.sendEvent(450) - responseCode = 200
2018-01-29 08:22:36 INFO  ApacheHttpClient.sendEvent(450) - responseCode = 200
2018-01-29 08:23:36 INFO  ApacheHttpClient.sendEvent(450) - responseCode = 200
2018-01-29 08:24:36 INFO  ApacheHttpClient.sendEvent(450) - responseCode = 200
2018-01-29 08:25:36 INFO  ApacheHttpClient.sendEvent(450) - responseCode = 200
2018-01-29 08:26:36 INFO  ApacheHttpClient.sendEvent(450) - responseCode = 200
2018-01-29 08:27:36 INFO  ApacheHttpClient.sendEvent(450) - responseCode = 200
2018-01-29 08:28:36 INFO  ApacheHttpClient.sendEvent(450) - responseCode = 200
2018-01-29 08:29:36 INFO  ApacheHttpClient.sendEvent(450) - responseCode = 200
2018-01-29 08:30:36 INFO  ApacheHttpClient.sendEvent(450) - responseCode = 200
2018-01-29 08:31:36 INFO  ApacheHttpClient.sendEvent(450) - responseCode = 200
2018-01-29 08:32:36 INFO  ApacheHttpClient.sendEvent(450) - responseCode = 200
2018-01-29 08:33:36 INFO  ApacheHttpClient.sendEvent(450) - responseCode = 200
2018-01-29 08:34:36 INFO  ApacheHttpClient.sendEvent(450) - responseCode = 200
2018-01-29 08:35:36 INFO  ApacheHttpClient.sendEvent(450) - responseCode = 200
2018-01-29 08:36:36 INFO  ApacheHttpClient.sendEvent(450) - responseCode = 200
2018-01-29 08:37:36 INFO  ApacheHttpClient.sendEvent(450) - responseCode = 200
2018-01-29 08:38:36 INFO  ApacheHttpClient.sendEvent(450) - responseCode = 200
2018-01-29 08:39:36 INFO  ApacheHttpClient.sendEvent(450) - responseCode = 200
2018-01-29 08:40:36 INFO  ApacheHttpClient.sendEvent(450) - responseCode = 200
2018-01-29 08:41:36 INFO  ApacheHttpClient.sendEvent(450) - responseCode = 200
2018-01-29 08:42:36 INFO  ApacheHttpClient.sendEvent(450) - responseCode = 200
2018-01-29 08:43:36 INFO  ApacheHttpClient.sendEvent(450) - responseCode = 200
2018-01-29 08:44:36 INFO  ApacheHttpClient.sendEvent(450) - responseCode = 200
2018-01-29 08:45:36 INFO  ApacheHttpClient.sendEvent(450) - responseCode = 200
2018-01-29 08:46:36 INFO  ApacheHttpClient.sendEvent(450) - responseCode = 200
2018-01-29 08:47:36 INFO  ApacheHttpClient.sendEvent(450) - responseCode = 200
2018-01-29 08:48:36 INFO  ApacheHttpClient.sendEvent(450) - responseCode = 200
2018-01-29 08:49:36 INFO  ApacheHttpClient.sendEvent(450) - responseCode = 200
2018-01-29 08:50:36 INFO  ApacheHttpClient.sendEvent(450) - responseCode = 200
2018-01-29 08:51:36 INFO  ApacheHttpClient.sendEvent(450) - responseCode = 200
2018-01-29 08:52:36 INFO  ApacheHttpClient.sendEvent(450) - responseCode = 200
2018-01-29 08:53:36 INFO  ApacheHttpClient.sendEvent(450) - responseCode = 200
2018-01-29 08:54:36 INFO  ApacheHttpClient.sendEvent(450) - responseCode = 200
2018-01-29 08:55:36 INFO  ApacheHttpClient.sendEvent(450) - responseCode = 200
2018-01-29 08:56:36 INFO  ApacheHttpClient.sendEvent(450) - responseCode = 200
2018-01-29 08:57:36 INFO  ApacheHttpClient.sendEvent(450) - responseCode = 200
2018-01-29 08:58:36 INFO  ApacheHttpClient.sendEvent(450) - responseCode = 200
2018-01-29 08:59:36 INFO  ApacheHttpClient.sendEvent(450) - responseCode = 200
2018-01-29 09:00:36 INFO  ApacheHttpClient.sendEvent(450) - responseCode = 200
2018-01-29 09:01:36 INFO  ApacheHttpClient.sendEvent(450) - responseCode = 200
2018-01-29 09:02:36 INFO  ApacheHttpClient.sendEvent(450) - responseCode = 200
2018-01-29 09:03:36 INFO  ApacheHttpClient.sendEvent(450) - responseCode = 200
2018-01-29 09:04:36 INFO  ApacheHttpClient.sendEvent(450) - responseCode = 200
2018-01-29 09:05:36 INFO  ApacheHttpClient.sendEvent(450) - responseCode = 200
2018-01-29 09:06:36 INFO  ApacheHttpClient.sendEvent(450) - responseCode = 200
2018-01-29 09:07:36 INFO  ApacheHttpClient.sendEvent(450) - responseCode = 200
2018-01-29 09:08:36 INFO  ApacheHttpClient.sendEvent(450) - responseCode = 200
2018-01-29 09:09:36 INFO  ApacheHttpClient.sendEvent(450) - responseCode = 200
2018-01-29 09:10:36 INFO  ApacheHttpClient.sendEvent(450) - responseCode = 200
2018-01-29 09:11:36 INFO  ApacheHttpClient.sendEvent(450) - responseCode = 200
2018-01-29 09:12:36 INFO  ApacheHttpClient.sendEvent(450) - responseCode = 200
2018-01-29 09:13:36 INFO  ApacheHttpClient.sendEvent(450) - responseCode = 200
2018-01-29 09:14:36 INFO  ApacheHttpClient.sendEvent(450) - responseCode = 200
2018-01-29 09:15:36 INFO  ApacheHttpClient.sendEvent(450) - responseCode = 200
2018-01-29 09:16:36 INFO  ApacheHttpClient.sendEvent(450) - responseCode = 200
2018-01-29 09:17:36 INFO  ApacheHttpClient.sendEvent(450) - responseCode = 200
2018-01-29 09:18:36 INFO  ApacheHttpClient.sendEvent(450) - responseCode = 200
2018-01-29 09:19:36 INFO  ApacheHttpClient.sendEvent(450) - responseCode = 200
2018-01-29 09:20:36 INFO  ApacheHttpClient.sendEvent(450) - responseCode = 200
2018-01-29 09:21:36 INFO  ApacheHttpClient.sendEvent(450) - responseCode = 200
2018-01-29 09:22:36 INFO  ApacheHttpClient.sendEvent(450) - responseCode = 200
2018-01-29 09:23:36 INFO  ApacheHttpClient.sendEvent(450) - responseCode = 200
2018-01-29 09:24:36 INFO  ApacheHttpClient.sendEvent(450) - responseCode = 200
2018-01-29 09:25:36 INFO  ApacheHttpClient.sendEvent(450) - responseCode = 200
2018-01-29 09:26:36 INFO  ApacheHttpClient.sendEvent(450) - responseCode = 200
2018-01-29 09:27:36 INFO  ApacheHttpClient.sendEvent(450) - responseCode = 200
2018-01-29 09:28:36 INFO  ApacheHttpClient.sendEvent(450) - responseCode = 200
2018-01-29 09:29:36 INFO  ApacheHttpClient.sendEvent(450) - responseCode = 200
2018-01-29 09:30:36 INFO  ApacheHttpClient.sendEvent(450) - responseCode = 200
2018-01-29 09:31:36 INFO  ApacheHttpClient.sendEvent(450) - responseCode = 200
2018-01-29 09:32:36 INFO  ApacheHttpClient.sendEvent(450) - responseCode = 200
2018-01-29 09:33:36 INFO  ApacheHttpClient.sendEvent(450) - responseCode = 200
2018-01-29 09:34:36 INFO  ApacheHttpClient.sendEvent(450) - responseCode = 200
2018-01-29 09:35:36 INFO  ApacheHttpClient.sendEvent(450) - responseCode = 200
2018-01-29 09:36:36 INFO  ApacheHttpClient.sendEvent(450) - responseCode = 200
2018-01-29 09:37:36 INFO  ApacheHttpClient.sendEvent(450) - responseCode = 200
2018-01-29 09:38:36 INFO  ApacheHttpClient.sendEvent(450) - responseCode = 200
2018-01-29 09:39:36 INFO  ApacheHttpClient.sendEvent(450) - responseCode = 200
2018-01-29 09:40:36 INFO  ApacheHttpClient.sendEvent(450) - responseCode = 200
2018-01-29 09:41:36 INFO  ApacheHttpClient.sendEvent(450) - responseCode = 200
2018-01-29 09:42:36 INFO  ApacheHttpClient.sendEvent(450) - responseCode = 200
2018-01-29 09:43:36 INFO  ApacheHttpClient.sendEvent(450) - responseCode = 200
2018-01-29 09:44:36 INFO  ApacheHttpClient.sendEvent(450) - responseCode = 200
2018-01-29 09:45:36 INFO  ApacheHttpClient.sendEvent(450) - responseCode = 200
2018-01-29 09:46:36 INFO  ApacheHttpClient.sendEvent(450) - responseCode = 200
2018-01-29 09:47:36 INFO  ApacheHttpClient.sendEvent(450) - responseCode = 200
2018-01-29 09:48:36 INFO  ApacheHttpClient.sendEvent(450) - responseCode = 200
2018-01-29 09:49:36 INFO  ApacheHttpClient.sendEvent(450) - responseCode = 200
2018-01-29 09:50:36 INFO  ApacheHttpClient.sendEvent(450) - responseCode = 200
2018-01-29 09:51:36 INFO  ApacheHttpClient.sendEvent(450) - responseCode = 200
2018-01-29 09:52:36 INFO  ApacheHttpClient.sendEvent(450) - responseCode = 200
2018-01-29 09:53:36 INFO  ApacheHttpClient.sendEvent(450) - responseCode = 200
2018-01-29 09:54:36 INFO  ApacheHttpClient.sendEvent(450) - responseCode = 200
2018-01-29 09:55:36 INFO  ApacheHttpClient.sendEvent(450) - responseCode = 200
2018-01-29 09:56:36 INFO  ApacheHttpClient.sendEvent(450) - responseCode = 200
2018-01-29 09:57:36 INFO  ApacheHttpClient.sendEvent(450) - responseCode = 200
2018-01-29 09:58:36 INFO  ApacheHttpClient.sendEvent(450) - responseCode = 200
2018-01-29 09:59:36 INFO  ApacheHttpClient.sendEvent(450) - responseCode = 200
2018-01-29 10:00:36 INFO  ApacheHttpClient.sendEvent(450) - responseCode = 200
2018-01-29 10:01:36 INFO  ApacheHttpClient.sendEvent(450) - responseCode = 200
2018-01-29 10:02:36 INFO  ApacheHttpClient.sendEvent(450) - responseCode = 200
2018-01-29 10:03:36 INFO  ApacheHttpClient.sendEvent(450) - responseCode = 200
2018-01-29 10:04:36 INFO  ApacheHttpClient.sendEvent(450) - responseCode = 200
2018-01-29 10:05:36 INFO  ApacheHttpClient.sendEvent(450) - responseCode = 200
2018-01-29 10:06:36 INFO  ApacheHttpClient.sendEvent(450) - responseCode = 200
2018-01-29 10:07:36 INFO  ApacheHttpClient.sendEvent(450) - responseCode = 200
2018-01-29 10:08:36 INFO  ApacheHttpClient.sendEvent(450) - responseCode = 200
2018-01-29 10:09:36 INFO  ApacheHttpClient.sendEvent(450) - responseCode = 200
2018-01-29 10:10:36 INFO  ApacheHttpClient.sendEvent(450) - responseCode = 200
2018-01-29 10:11:36 INFO  ApacheHttpClient.sendEvent(450) - responseCode = 200
2018-01-29 10:12:36 INFO  ApacheHttpClient.sendEvent(450) - responseCode = 200
2018-01-29 10:13:36 INFO  ApacheHttpClient.sendEvent(450) - responseCode = 200
2018-01-29 10:14:36 INFO  ApacheHttpClient.sendEvent(450) - responseCode = 200
2018-01-29 10:15:36 INFO  ApacheHttpClient.sendEvent(450) - responseCode = 200
2018-01-29 10:16:36 INFO  ApacheHttpClient.sendEvent(450) - responseCode = 200
2018-01-29 10:17:36 INFO  ApacheHttpClient.sendEvent(450) - responseCode = 200
2018-01-29 10:18:36 INFO  ApacheHttpClient.sendEvent(450) - responseCode = 200
2018-01-29 10:19:36 INFO  ApacheHttpClient.sendEvent(450) - responseCode = 200
2018-01-29 10:20:36 INFO  ApacheHttpClient.sendEvent(450) - responseCode = 200
2018-01-29 10:21:36 INFO  ApacheHttpClient.sendEvent(450) - responseCode = 200
2018-01-29 10:22:36 INFO  ApacheHttpClient.sendEvent(450) - responseCode = 200
2018-01-29 10:23:36 INFO  ApacheHttpClient.sendEvent(450) - responseCode = 200
2018-01-29 10:24:36 INFO  ApacheHttpClient.sendEvent(450) - responseCode = 200
2018-01-29 10:25:36 INFO  ApacheHttpClient.sendEvent(450) - responseCode = 200
2018-01-29 10:26:36 INFO  ApacheHttpClient.sendEvent(450) - responseCode = 200
2018-01-29 10:27:36 INFO  ApacheHttpClient.sendEvent(450) - responseCode = 200
2018-01-29 10:28:36 INFO  ApacheHttpClient.sendEvent(450) - responseCode = 200
2018-01-29 10:29:36 INFO  ApacheHttpClient.sendEvent(450) - responseCode = 200
2018-01-29 10:30:36 INFO  ApacheHttpClient.sendEvent(450) - responseCode = 200
2018-01-29 10:31:36 INFO  ApacheHttpClient.sendEvent(450) - responseCode = 200
2018-01-29 10:32:36 INFO  ApacheHttpClient.sendEvent(450) - responseCode = 200
2018-01-29 10:33:36 INFO  ApacheHttpClient.sendEvent(450) - responseCode = 200
2018-01-29 10:34:36 INFO  ApacheHttpClient.sendEvent(450) - responseCode = 200
2018-01-29 10:35:36 INFO  ApacheHttpClient.sendEvent(450) - responseCode = 200
2018-01-29 10:36:36 INFO  ApacheHttpClient.sendEvent(450) - responseCode = 200
2018-01-29 10:37:36 INFO  ApacheHttpClient.sendEvent(450) - responseCode = 200
2018-01-29 10:38:36 INFO  ApacheHttpClient.sendEvent(450) - responseCode = 200
2018-01-29 10:39:36 INFO  ApacheHttpClient.sendEvent(450) - responseCode = 200
2018-01-29 10:40:36 INFO  ApacheHttpClient.sendEvent(450) - responseCode = 200
2018-01-29 10:41:36 INFO  ApacheHttpClient.sendEvent(450) - responseCode = 200
2018-01-29 10:42:36 INFO  ApacheHttpClient.sendEvent(450) - responseCode = 200
2018-01-29 10:43:36 INFO  ApacheHttpClient.sendEvent(450) - responseCode = 200
2018-01-29 10:44:36 INFO  ApacheHttpClient.sendEvent(450) - responseCode = 200
2018-01-29 10:45:36 INFO  ApacheHttpClient.sendEvent(450) - responseCode = 200
2018-01-29 10:46:36 INFO  ApacheHttpClient.sendEvent(450) - responseCode = 200
2018-01-29 10:47:36 INFO  ApacheHttpClient.sendEvent(450) - responseCode = 200
2018-01-29 10:48:36 INFO  ApacheHttpClient.sendEvent(450) - responseCode = 200
2018-01-29 10:49:36 INFO  ApacheHttpClient.sendEvent(450) - responseCode = 200
2018-01-29 10:50:36 INFO  ApacheHttpClient.sendEvent(450) - responseCode = 200
2018-01-29 10:51:36 INFO  ApacheHttpClient.sendEvent(450) - responseCode = 200
2018-01-29 10:52:36 INFO  ApacheHttpClient.sendEvent(450) - responseCode = 200
2018-01-29 10:53:36 INFO  ApacheHttpClient.sendEvent(450) - responseCode = 200
2018-01-29 10:54:36 INFO  ApacheHttpClient.sendEvent(450) - responseCode = 200
2018-01-29 10:55:36 INFO  ApacheHttpClient.sendEvent(450) - responseCode = 200
2018-01-29 10:56:36 INFO  ApacheHttpClient.sendEvent(450) - responseCode = 200
2018-01-29 10:57:36 INFO  ApacheHttpClient.sendEvent(450) - responseCode = 200
2018-01-29 10:58:36 INFO  ApacheHttpClient.sendEvent(450) - responseCode = 200
2018-01-29 10:59:36 INFO  ApacheHttpClient.sendEvent(450) - responseCode = 200
2018-01-29 11:00:36 INFO  ApacheHttpClient.sendEvent(450) - responseCode = 200
2018-01-29 11:01:36 INFO  ApacheHttpClient.sendEvent(450) - responseCode = 200
2018-01-29 11:02:36 INFO  ApacheHttpClient.sendEvent(450) - responseCode = 200
2018-01-29 11:03:36 INFO  ApacheHttpClient.sendEvent(450) - responseCode = 200
2018-01-29 11:04:36 INFO  ApacheHttpClient.sendEvent(450) - responseCode = 200
2018-01-29 11:05:36 INFO  ApacheHttpClient.sendEvent(450) - responseCode = 200
2018-01-29 11:06:36 INFO  ApacheHttpClient.sendEvent(450) - responseCode = 200
2018-01-29 11:07:36 INFO  ApacheHttpClient.sendEvent(450) - responseCode = 200
2018-01-29 11:08:36 INFO  ApacheHttpClient.sendEvent(450) - responseCode = 200
2018-01-29 11:09:36 INFO  ApacheHttpClient.sendEvent(450) - responseCode = 200
2018-01-29 11:10:36 INFO  ApacheHttpClient.sendEvent(450) - responseCode = 200
2018-01-29 11:11:36 INFO  ApacheHttpClient.sendEvent(450) - responseCode = 200
2018-01-29 11:12:36 INFO  ApacheHttpClient.sendEvent(450) - responseCode = 200
2018-01-29 11:13:36 INFO  ApacheHttpClient.sendEvent(450) - responseCode = 200
2018-01-29 11:14:36 INFO  ApacheHttpClient.sendEvent(450) - responseCode = 200
2018-01-29 11:15:36 INFO  ApacheHttpClient.sendEvent(450) - responseCode = 200
2018-01-29 11:16:36 INFO  ApacheHttpClient.sendEvent(450) - responseCode = 200
2018-01-29 11:17:36 INFO  ApacheHttpClient.sendEvent(450) - responseCode = 200
2018-01-29 11:18:36 INFO  ApacheHttpClient.sendEvent(450) - responseCode = 200
2018-01-29 11:19:36 INFO  ApacheHttpClient.sendEvent(450) - responseCode = 200
2018-01-29 11:20:36 INFO  ApacheHttpClient.sendEvent(450) - responseCode = 200
2018-01-29 11:21:36 INFO  ApacheHttpClient.sendEvent(450) - responseCode = 200
2018-01-29 11:22:36 INFO  ApacheHttpClient.sendEvent(450) - responseCode = 200
2018-01-29 11:23:36 INFO  ApacheHttpClient.sendEvent(450) - responseCode = 200
2018-01-29 11:24:36 INFO  ApacheHttpClient.sendEvent(450) - responseCode = 200
2018-01-29 11:25:36 INFO  ApacheHttpClient.sendEvent(450) - responseCode = 200
2018-01-29 11:26:36 INFO  ApacheHttpClient.sendEvent(450) - responseCode = 200
2018-01-29 11:27:36 INFO  ApacheHttpClient.sendEvent(450) - responseCode = 200
2018-01-29 11:28:36 INFO  ApacheHttpClient.sendEvent(450) - responseCode = 200
2018-01-29 11:29:36 INFO  ApacheHttpClient.sendEvent(450) - responseCode = 200
2018-01-29 11:30:36 INFO  ApacheHttpClient.sendEvent(450) - responseCode = 200
2018-01-29 11:31:36 INFO  ApacheHttpClient.sendEvent(450) - responseCode = 200
2018-01-29 11:32:36 INFO  ApacheHttpClient.sendEvent(450) - responseCode = 200
2018-01-29 11:33:36 INFO  ApacheHttpClient.sendEvent(450) - responseCode = 200
2018-01-29 11:34:36 INFO  ApacheHttpClient.sendEvent(450) - responseCode = 200
2018-01-29 11:35:36 INFO  ApacheHttpClient.sendEvent(450) - responseCode = 200
2018-01-29 11:36:36 INFO  ApacheHttpClient.sendEvent(450) - responseCode = 200
2018-01-29 11:37:36 INFO  ApacheHttpClient.sendEvent(450) - responseCode = 200
2018-01-29 11:38:36 INFO  ApacheHttpClient.sendEvent(450) - responseCode = 200
2018-01-29 11:39:36 INFO  ApacheHttpClient.sendEvent(450) - responseCode = 200
2018-01-29 11:40:36 INFO  ApacheHttpClient.sendEvent(450) - responseCode = 200
2018-01-29 11:41:36 INFO  ApacheHttpClient.sendEvent(450) - responseCode = 200
2018-01-29 11:42:36 INFO  ApacheHttpClient.sendEvent(450) - responseCode = 200
2018-01-29 11:43:36 INFO  ApacheHttpClient.sendEvent(450) - responseCode = 200
2018-01-29 11:44:36 INFO  ApacheHttpClient.sendEvent(450) - responseCode = 200
2018-01-29 11:45:36 INFO  ApacheHttpClient.sendEvent(450) - responseCode = 200
2018-01-29 11:46:36 INFO  ApacheHttpClient.sendEvent(450) - responseCode = 200
2018-01-29 11:47:36 INFO  ApacheHttpClient.sendEvent(450) - responseCode = 200
2018-01-29 11:48:36 INFO  ApacheHttpClient.sendEvent(450) - responseCode = 200
2018-01-29 11:49:36 INFO  ApacheHttpClient.sendEvent(450) - responseCode = 200
2018-01-29 11:50:36 INFO  ApacheHttpClient.sendEvent(450) - responseCode = 200
2018-01-29 11:51:36 INFO  ApacheHttpClient.sendEvent(450) - responseCode = 200
2018-01-29 11:52:36 INFO  ApacheHttpClient.sendEvent(450) - responseCode = 200
2018-01-29 11:53:36 INFO  ApacheHttpClient.sendEvent(450) - responseCode = 200
2018-01-29 11:54:36 INFO  ApacheHttpClient.sendEvent(450) - responseCode = 200
2018-01-29 11:55:36 INFO  ApacheHttpClient.sendEvent(450) - responseCode = 200
2018-01-29 11:56:36 INFO  ApacheHttpClient.sendEvent(450) - responseCode = 200
2018-01-29 11:57:36 INFO  ApacheHttpClient.sendEvent(450) - responseCode = 200
2018-01-29 11:58:36 INFO  ApacheHttpClient.sendEvent(450) - responseCode = 200
2018-01-29 11:59:36 INFO  ApacheHttpClient.sendEvent(450) - responseCode = 200
2018-01-29 12:00:36 INFO  ApacheHttpClient.sendEvent(450) - responseCode = 200
2018-01-29 12:01:36 INFO  ApacheHttpClient.sendEvent(450) - responseCode = 200
2018-01-29 12:02:36 INFO  ApacheHttpClient.sendEvent(450) - responseCode = 200
2018-01-29 12:03:36 INFO  ApacheHttpClient.sendEvent(450) - responseCode = 200
2018-01-29 12:04:36 INFO  ApacheHttpClient.sendEvent(450) - responseCode = 200
2018-01-29 12:05:36 INFO  ApacheHttpClient.sendEvent(450) - responseCode = 200
2018-01-29 12:06:36 INFO  ApacheHttpClient.sendEvent(450) - responseCode = 200
2018-01-29 12:07:36 INFO  ApacheHttpClient.sendEvent(450) - responseCode = 200
2018-01-29 12:08:36 INFO  ApacheHttpClient.sendEvent(450) - responseCode = 200
2018-01-29 12:09:36 INFO  ApacheHttpClient.sendEvent(450) - responseCode = 200
2018-01-29 12:10:36 INFO  ApacheHttpClient.sendEvent(450) - responseCode = 200
2018-01-29 12:11:36 INFO  ApacheHttpClient.sendEvent(450) - responseCode = 200
2018-01-29 12:12:36 INFO  ApacheHttpClient.sendEvent(450) - responseCode = 200
2018-01-29 12:13:36 INFO  ApacheHttpClient.sendEvent(450) - responseCode = 200
2018-01-29 12:14:36 INFO  ApacheHttpClient.sendEvent(450) - responseCode = 200
2018-01-29 12:15:36 INFO  ApacheHttpClient.sendEvent(450) - responseCode = 200
2018-01-29 12:16:36 INFO  ApacheHttpClient.sendEvent(450) - responseCode = 200
2018-01-29 12:17:36 INFO  ApacheHttpClient.sendEvent(450) - responseCode = 200
2018-01-29 12:18:36 INFO  ApacheHttpClient.sendEvent(450) - responseCode = 200
2018-01-29 12:19:36 INFO  ApacheHttpClient.sendEvent(450) - responseCode = 200
2018-01-29 12:20:36 INFO  ApacheHttpClient.sendEvent(450) - responseCode = 200
2018-01-29 12:21:36 INFO  ApacheHttpClient.sendEvent(450) - responseCode = 200
2018-01-29 12:22:36 INFO  ApacheHttpClient.sendEvent(450) - responseCode = 200
2018-01-29 12:23:36 INFO  ApacheHttpClient.sendEvent(450) - responseCode = 200
2018-01-29 12:24:36 INFO  ApacheHttpClient.sendEvent(450) - responseCode = 200
2018-01-29 12:25:36 INFO  ApacheHttpClient.sendEvent(450) - responseCode = 200
2018-01-29 12:26:36 INFO  ApacheHttpClient.sendEvent(450) - responseCode = 200
2018-01-29 12:27:36 INFO  ApacheHttpClient.sendEvent(450) - responseCode = 200
2018-01-29 12:28:36 INFO  ApacheHttpClient.sendEvent(450) - responseCode = 200
2018-01-29 12:29:36 INFO  ApacheHttpClient.sendEvent(450) - responseCode = 200
2018-01-29 12:30:36 INFO  ApacheHttpClient.sendEvent(450) - responseCode = 200
2018-01-29 12:31:36 INFO  ApacheHttpClient.sendEvent(450) - responseCode = 200
2018-01-29 12:32:36 INFO  ApacheHttpClient.sendEvent(450) - responseCode = 200
2018-01-29 12:33:36 INFO  ApacheHttpClient.sendEvent(450) - responseCode = 200
2018-01-29 12:34:36 INFO  ApacheHttpClient.sendEvent(450) - responseCode = 200
2018-01-29 12:35:36 INFO  ApacheHttpClient.sendEvent(450) - responseCode = 200
2018-01-29 12:36:36 INFO  ApacheHttpClient.sendEvent(450) - responseCode = 200
2018-01-29 12:37:36 INFO  ApacheHttpClient.sendEvent(450) - responseCode = 200
2018-01-29 12:38:36 INFO  ApacheHttpClient.sendEvent(450) - responseCode = 200
2018-01-29 12:39:36 INFO  ApacheHttpClient.sendEvent(450) - responseCode = 200
2018-01-29 12:40:36 INFO  ApacheHttpClient.sendEvent(450) - responseCode = 200
2018-01-29 12:41:36 INFO  ApacheHttpClient.sendEvent(450) - responseCode = 200
2018-01-29 12:42:36 INFO  ApacheHttpClient.sendEvent(450) - responseCode = 200
2018-01-29 12:43:36 INFO  ApacheHttpClient.sendEvent(450) - responseCode = 200
2018-01-29 12:44:36 INFO  ApacheHttpClient.sendEvent(450) - responseCode = 200
2018-01-29 12:45:36 INFO  ApacheHttpClient.sendEvent(450) - responseCode = 200
2018-01-29 12:46:36 INFO  ApacheHttpClient.sendEvent(450) - responseCode = 200
2018-01-29 12:47:36 INFO  ApacheHttpClient.sendEvent(450) - responseCode = 200
2018-01-29 12:48:36 INFO  ApacheHttpClient.sendEvent(450) - responseCode = 200
2018-01-29 12:49:36 INFO  ApacheHttpClient.sendEvent(450) - responseCode = 200
2018-01-29 12:50:36 INFO  ApacheHttpClient.sendEvent(450) - responseCode = 200
2018-01-29 12:51:36 INFO  ApacheHttpClient.sendEvent(450) - responseCode = 200
2018-01-29 12:52:36 INFO  ApacheHttpClient.sendEvent(450) - responseCode = 200
2018-01-29 12:53:36 INFO  ApacheHttpClient.sendEvent(450) - responseCode = 200
2018-01-29 12:54:36 INFO  ApacheHttpClient.sendEvent(450) - responseCode = 200
2018-01-29 12:55:36 INFO  ApacheHttpClient.sendEvent(450) - responseCode = 200
2018-01-29 12:56:36 INFO  ApacheHttpClient.sendEvent(450) - responseCode = 200
2018-01-29 12:57:36 INFO  ApacheHttpClient.sendEvent(450) - responseCode = 200
2018-01-29 12:58:36 INFO  ApacheHttpClient.sendEvent(450) - responseCode = 200
2018-01-29 12:59:36 INFO  ApacheHttpClient.sendEvent(450) - responseCode = 200
2018-01-29 13:00:36 INFO  ApacheHttpClient.sendEvent(450) - responseCode = 200
2018-01-29 13:01:36 INFO  ApacheHttpClient.sendEvent(450) - responseCode = 200
2018-01-29 13:02:36 INFO  ApacheHttpClient.sendEvent(450) - responseCode = 200
2018-01-29 13:03:36 INFO  ApacheHttpClient.sendEvent(450) - responseCode = 200
2018-01-29 13:04:36 INFO  ApacheHttpClient.sendEvent(450) - responseCode = 200
2018-01-29 13:05:36 INFO  ApacheHttpClient.sendEvent(450) - responseCode = 200
2018-01-29 13:06:36 INFO  ApacheHttpClient.sendEvent(450) - responseCode = 200
2018-01-29 13:07:36 INFO  ApacheHttpClient.sendEvent(450) - responseCode = 200
2018-01-29 13:08:36 INFO  ApacheHttpClient.sendEvent(450) - responseCode = 200
2018-01-29 13:09:36 INFO  ApacheHttpClient.sendEvent(450) - responseCode = 200
2018-01-29 13:10:36 INFO  ApacheHttpClient.sendEvent(450) - responseCode = 200
2018-01-29 13:11:36 INFO  ApacheHttpClient.sendEvent(450) - responseCode = 200
2018-01-29 13:12:36 INFO  ApacheHttpClient.sendEvent(450) - responseCode = 200
2018-01-29 13:13:36 INFO  ApacheHttpClient.sendEvent(450) - responseCode = 200
2018-01-29 13:14:36 INFO  ApacheHttpClient.sendEvent(450) - responseCode = 200
2018-01-29 13:15:36 INFO  ApacheHttpClient.sendEvent(450) - responseCode = 200
2018-01-29 13:16:36 INFO  ApacheHttpClient.sendEvent(450) - responseCode = 200
2018-01-29 13:17:36 INFO  ApacheHttpClient.sendEvent(450) - responseCode = 200
2018-01-29 13:18:36 INFO  ApacheHttpClient.sendEvent(450) - responseCode = 200
2018-01-29 13:19:36 INFO  ApacheHttpClient.sendEvent(450) - responseCode = 200
2018-01-29 13:20:36 INFO  ApacheHttpClient.sendEvent(450) - responseCode = 200
2018-01-29 13:21:36 INFO  ApacheHttpClient.sendEvent(450) - responseCode = 200
2018-01-29 13:22:36 INFO  ApacheHttpClient.sendEvent(450) - responseCode = 200
2018-01-29 13:23:36 INFO  ApacheHttpClient.sendEvent(450) - responseCode = 200
2018-01-29 13:24:36 INFO  ApacheHttpClient.sendEvent(450) - responseCode = 200
2018-01-29 13:25:36 INFO  ApacheHttpClient.sendEvent(450) - responseCode = 200
2018-01-29 13:26:36 INFO  ApacheHttpClient.sendEvent(450) - responseCode = 200
2018-01-29 13:27:36 INFO  ApacheHttpClient.sendEvent(450) - responseCode = 200
2018-01-29 13:28:36 INFO  ApacheHttpClient.sendEvent(450) - responseCode = 200
2018-01-29 13:29:36 INFO  ApacheHttpClient.sendEvent(450) - responseCode = 200
2018-01-29 13:30:36 INFO  ApacheHttpClient.sendEvent(450) - responseCode = 200
2018-01-29 13:31:36 INFO  ApacheHttpClient.sendEvent(450) - responseCode = 200
2018-01-29 13:32:36 INFO  ApacheHttpClient.sendEvent(450) - responseCode = 200
2018-01-29 13:33:36 INFO  ApacheHttpClient.sendEvent(450) - responseCode = 200
2018-01-29 13:34:36 INFO  ApacheHttpClient.sendEvent(450) - responseCode = 200
2018-01-29 13:35:36 INFO  ApacheHttpClient.sendEvent(450) - responseCode = 200
2018-01-29 13:36:36 INFO  ApacheHttpClient.sendEvent(450) - responseCode = 200
2018-01-29 13:37:36 INFO  ApacheHttpClient.sendEvent(450) - responseCode = 200
2018-01-29 13:38:36 INFO  ApacheHttpClient.sendEvent(450) - responseCode = 200
2018-01-29 13:39:36 INFO  ApacheHttpClient.sendEvent(450) - responseCode = 200
2018-01-29 13:40:36 INFO  ApacheHttpClient.sendEvent(450) - responseCode = 200
2018-01-29 13:41:36 INFO  ApacheHttpClient.sendEvent(450) - responseCode = 200
2018-01-29 13:42:36 INFO  ApacheHttpClient.sendEvent(450) - responseCode = 200
2018-01-29 13:43:36 INFO  ApacheHttpClient.sendEvent(450) - responseCode = 200
2018-01-29 13:44:36 INFO  ApacheHttpClient.sendEvent(450) - responseCode = 200
2018-01-29 13:45:36 INFO  ApacheHttpClient.sendEvent(450) - responseCode = 200
2018-01-29 13:46:36 INFO  ApacheHttpClient.sendEvent(450) - responseCode = 200
2018-01-29 13:47:36 INFO  ApacheHttpClient.sendEvent(450) - responseCode = 200
2018-01-29 13:48:36 INFO  ApacheHttpClient.sendEvent(450) - responseCode = 200
2018-01-29 13:49:36 INFO  ApacheHttpClient.sendEvent(450) - responseCode = 200
2018-01-29 13:50:36 INFO  ApacheHttpClient.sendEvent(450) - responseCode = 200
2018-01-29 13:51:36 INFO  ApacheHttpClient.sendEvent(450) - responseCode = 200
2018-01-29 13:52:36 INFO  ApacheHttpClient.sendEvent(450) - responseCode = 200
2018-01-29 13:53:36 INFO  ApacheHttpClient.sendEvent(450) - responseCode = 200
2018-01-29 13:54:36 INFO  ApacheHttpClient.sendEvent(450) - responseCode = 200
2018-01-29 13:55:36 INFO  ApacheHttpClient.sendEvent(450) - responseCode = 200
2018-01-29 13:56:36 INFO  ApacheHttpClient.sendEvent(450) - responseCode = 200
2018-01-29 13:57:36 INFO  ApacheHttpClient.sendEvent(450) - responseCode = 200
2018-01-29 13:58:36 INFO  ApacheHttpClient.sendEvent(450) - responseCode = 200
2018-01-29 13:59:36 INFO  ApacheHttpClient.sendEvent(450) - responseCode = 200
2018-01-29 14:00:36 INFO  ApacheHttpClient.sendEvent(450) - responseCode = 200
2018-01-29 14:01:36 INFO  ApacheHttpClient.sendEvent(450) - responseCode = 200
2018-01-29 14:02:36 INFO  ApacheHttpClient.sendEvent(450) - responseCode = 200
2018-01-29 14:03:36 INFO  ApacheHttpClient.sendEvent(450) - responseCode = 200
2018-01-29 14:04:36 INFO  ApacheHttpClient.sendEvent(450) - responseCode = 200
2018-01-29 14:05:36 INFO  ApacheHttpClient.sendEvent(450) - responseCode = 200
2018-01-29 14:06:36 INFO  ApacheHttpClient.sendEvent(450) - responseCode = 200
2018-01-29 14:07:36 INFO  ApacheHttpClient.sendEvent(450) - responseCode = 200
2018-01-29 14:08:36 INFO  ApacheHttpClient.sendEvent(450) - responseCode = 200
2018-01-29 14:09:36 INFO  ApacheHttpClient.sendEvent(450) - responseCode = 200
2018-01-29 14:10:36 INFO  ApacheHttpClient.sendEvent(450) - responseCode = 200
2018-01-29 14:11:36 INFO  ApacheHttpClient.sendEvent(450) - responseCode = 200
2018-01-29 14:12:36 INFO  ApacheHttpClient.sendEvent(450) - responseCode = 200
2018-01-29 14:13:36 INFO  ApacheHttpClient.sendEvent(450) - responseCode = 200
2018-01-29 14:14:36 INFO  ApacheHttpClient.sendEvent(450) - responseCode = 200
2018-01-29 14:15:36 INFO  ApacheHttpClient.sendEvent(450) - responseCode = 200
2018-01-29 14:16:36 INFO  ApacheHttpClient.sendEvent(450) - responseCode = 200
2018-01-29 14:17:36 INFO  ApacheHttpClient.sendEvent(450) - responseCode = 200
2018-01-29 14:18:36 INFO  ApacheHttpClient.sendEvent(450) - responseCode = 200
2018-01-29 14:19:36 INFO  ApacheHttpClient.sendEvent(450) - responseCode = 200
2018-01-29 14:20:36 INFO  ApacheHttpClient.sendEvent(450) - responseCode = 200
2018-01-29 14:21:36 INFO  ApacheHttpClient.sendEvent(450) - responseCode = 200
2018-01-29 14:22:36 INFO  ApacheHttpClient.sendEvent(450) - responseCode = 200
2018-01-29 14:23:36 INFO  ApacheHttpClient.sendEvent(450) - responseCode = 200
2018-01-29 14:24:36 INFO  ApacheHttpClient.sendEvent(450) - responseCode = 200
2018-01-29 14:25:36 INFO  ApacheHttpClient.sendEvent(450) - responseCode = 200
2018-01-29 14:26:36 INFO  ApacheHttpClient.sendEvent(450) - responseCode = 200
2018-01-29 14:27:36 INFO  ApacheHttpClient.sendEvent(450) - responseCode = 200
2018-01-29 14:28:36 INFO  ApacheHttpClient.sendEvent(450) - responseCode = 200
2018-01-29 14:29:36 INFO  ApacheHttpClient.sendEvent(450) - responseCode = 200
2018-01-29 14:30:36 INFO  ApacheHttpClient.sendEvent(450) - responseCode = 200
2018-01-29 14:31:36 INFO  ApacheHttpClient.sendEvent(450) - responseCode = 200
2018-01-29 14:32:36 INFO  ApacheHttpClient.sendEvent(450) - responseCode = 200
2018-01-29 14:33:36 INFO  ApacheHttpClient.sendEvent(450) - responseCode = 200
2018-01-29 14:34:36 INFO  ApacheHttpClient.sendEvent(450) - responseCode = 200
2018-01-29 14:35:36 INFO  ApacheHttpClient.sendEvent(450) - responseCode = 200
2018-01-29 14:36:36 INFO  ApacheHttpClient.sendEvent(450) - responseCode = 200
2018-01-29 14:37:36 INFO  ApacheHttpClient.sendEvent(450) - responseCode = 200
2018-01-29 14:38:36 INFO  ApacheHttpClient.sendEvent(450) - responseCode = 200
2018-01-29 14:39:36 INFO  ApacheHttpClient.sendEvent(450) - responseCode = 200
2018-01-29 14:40:36 INFO  ApacheHttpClient.sendEvent(450) - responseCode = 200
2018-01-29 14:41:36 INFO  ApacheHttpClient.sendEvent(450) - responseCode = 200
2018-01-29 14:42:36 INFO  ApacheHttpClient.sendEvent(450) - responseCode = 200
2018-01-29 14:43:36 INFO  ApacheHttpClient.sendEvent(450) - responseCode = 200
2018-01-29 14:44:36 INFO  ApacheHttpClient.sendEvent(450) - responseCode = 200
2018-01-29 14:45:36 INFO  ApacheHttpClient.sendEvent(450) - responseCode = 200
2018-01-29 14:46:36 INFO  ApacheHttpClient.sendEvent(450) - responseCode = 200
2018-01-29 14:47:36 INFO  ApacheHttpClient.sendEvent(450) - responseCode = 200
2018-01-29 14:48:36 INFO  ApacheHttpClient.sendEvent(450) - responseCode = 200
2018-01-29 14:49:36 INFO  ApacheHttpClient.sendEvent(450) - responseCode = 200
2018-01-29 14:50:36 INFO  ApacheHttpClient.sendEvent(450) - responseCode = 200
2018-01-29 14:51:36 INFO  ApacheHttpClient.sendEvent(450) - responseCode = 200
2018-01-29 14:52:36 INFO  ApacheHttpClient.sendEvent(450) - responseCode = 200
2018-01-29 14:53:36 INFO  ApacheHttpClient.sendEvent(450) - responseCode = 200
2018-01-29 14:54:36 INFO  ApacheHttpClient.sendEvent(450) - responseCode = 200
2018-01-29 14:55:36 INFO  ApacheHttpClient.sendEvent(450) - responseCode = 200
2018-01-29 14:56:36 INFO  ApacheHttpClient.sendEvent(450) - responseCode = 200
2018-01-29 14:57:36 INFO  ApacheHttpClient.sendEvent(450) - responseCode = 200
2018-01-29 14:58:36 INFO  ApacheHttpClient.sendEvent(450) - responseCode = 200
2018-01-29 14:59:36 INFO  ApacheHttpClient.sendEvent(450) - responseCode = 200
2018-01-29 15:00:36 INFO  ApacheHttpClient.sendEvent(450) - responseCode = 200
2018-01-29 15:01:36 INFO  ApacheHttpClient.sendEvent(450) - responseCode = 200
2018-01-29 15:02:36 INFO  ApacheHttpClient.sendEvent(450) - responseCode = 200
2018-01-29 15:03:36 INFO  ApacheHttpClient.sendEvent(450) - responseCode = 200
2018-01-29 15:04:36 INFO  ApacheHttpClient.sendEvent(450) - responseCode = 200
2018-01-29 15:05:36 INFO  ApacheHttpClient.sendEvent(450) - responseCode = 200
2018-01-29 15:06:36 INFO  ApacheHttpClient.sendEvent(450) - responseCode = 200
2018-01-29 15:07:36 INFO  ApacheHttpClient.sendEvent(450) - responseCode = 200
2018-01-29 15:08:36 INFO  ApacheHttpClient.sendEvent(450) - responseCode = 200
2018-01-29 15:09:36 INFO  ApacheHttpClient.sendEvent(450) - responseCode = 200
2018-01-29 15:10:36 INFO  ApacheHttpClient.sendEvent(450) - responseCode = 200
2018-01-29 15:11:36 INFO  ApacheHttpClient.sendEvent(450) - responseCode = 200
2018-01-29 15:12:36 INFO  ApacheHttpClient.sendEvent(450) - responseCode = 200
2018-01-29 15:13:36 INFO  ApacheHttpClient.sendEvent(450) - responseCode = 200
2018-01-29 15:14:36 INFO  ApacheHttpClient.sendEvent(450) - responseCode = 200
2018-01-29 15:15:37 INFO  ApacheHttpClient.sendEvent(450) - responseCode = 200
2018-01-29 15:16:36 INFO  ApacheHttpClient.sendEvent(450) - responseCode = 200
2018-01-29 15:17:36 INFO  ApacheHttpClient.sendEvent(450) - responseCode = 200
2018-01-29 15:18:36 INFO  ApacheHttpClient.sendEvent(450) - responseCode = 200
2018-01-29 15:19:36 INFO  ApacheHttpClient.sendEvent(450) - responseCode = 200
2018-01-29 15:20:36 INFO  ApacheHttpClient.sendEvent(450) - responseCode = 200
2018-01-29 15:21:36 INFO  ApacheHttpClient.sendEvent(450) - responseCode = 200
2018-01-29 15:22:36 INFO  ApacheHttpClient.sendEvent(450) - responseCode = 200
2018-01-29 15:23:36 INFO  ApacheHttpClient.sendEvent(450) - responseCode = 200
2018-01-29 15:24:36 INFO  ApacheHttpClient.sendEvent(450) - responseCode = 200
2018-01-29 15:25:36 INFO  ApacheHttpClient.sendEvent(450) - responseCode = 200
2018-01-29 15:26:36 INFO  ApacheHttpClient.sendEvent(450) - responseCode = 200
2018-01-29 15:27:36 INFO  ApacheHttpClient.sendEvent(450) - responseCode = 200
2018-01-29 15:28:36 INFO  ApacheHttpClient.sendEvent(450) - responseCode = 200
2018-01-29 15:29:36 INFO  ApacheHttpClient.sendEvent(450) - responseCode = 200
2018-01-29 15:30:36 INFO  ApacheHttpClient.sendEvent(450) - responseCode = 200
2018-01-29 15:31:36 INFO  ApacheHttpClient.sendEvent(450) - responseCode = 200
2018-01-29 15:32:36 INFO  ApacheHttpClient.sendEvent(450) - responseCode = 200
2018-01-29 15:33:36 INFO  ApacheHttpClient.sendEvent(450) - responseCode = 200
2018-01-29 15:34:36 INFO  ApacheHttpClient.sendEvent(450) - responseCode = 200
2018-01-29 15:35:36 INFO  ApacheHttpClient.sendEvent(450) - responseCode = 200
2018-01-29 15:36:36 INFO  ApacheHttpClient.sendEvent(450) - responseCode = 200
2018-01-29 15:37:36 INFO  ApacheHttpClient.sendEvent(450) - responseCode = 200
2018-01-29 15:38:36 INFO  ApacheHttpClient.sendEvent(450) - responseCode = 200
2018-01-29 15:39:36 INFO  ApacheHttpClient.sendEvent(450) - responseCode = 200
2018-01-29 15:40:36 INFO  ApacheHttpClient.sendEvent(450) - responseCode = 200
2018-01-29 15:41:36 INFO  ApacheHttpClient.sendEvent(450) - responseCode = 200
2018-01-29 15:42:36 INFO  ApacheHttpClient.sendEvent(450) - responseCode = 200
2018-01-29 15:43:36 INFO  ApacheHttpClient.sendEvent(450) - responseCode = 200
2018-01-29 15:44:36 INFO  ApacheHttpClient.sendEvent(450) - responseCode = 200
2018-01-29 15:45:36 INFO  ApacheHttpClient.sendEvent(450) - responseCode = 200
2018-01-29 15:46:36 INFO  ApacheHttpClient.sendEvent(450) - responseCode = 200
2018-01-29 15:46:56 INFO  ApacheHttpClient.getWebResourceAsStream(420) - responseCode = 200
2018-01-29 15:46:56 INFO  ApacheHttpClient.getTask(405) - responseCode = 200
2018-01-29 15:47:36 INFO  ApacheHttpClient.sendEvent(450) - responseCode = 200
2018-01-29 15:48:36 INFO  ApacheHttpClient.sendEvent(450) - responseCode = 200
2018-01-29 15:49:36 INFO  ApacheHttpClient.sendEvent(450) - responseCode = 200
2018-01-29 15:50:36 INFO  ApacheHttpClient.sendEvent(450) - responseCode = 200
2018-01-29 15:51:36 INFO  ApacheHttpClient.sendEvent(450) - responseCode = 200
2018-01-29 15:52:36 INFO  ApacheHttpClient.sendEvent(450) - responseCode = 200
2018-01-29 15:53:36 INFO  ApacheHttpClient.sendEvent(450) - responseCode = 200
2018-01-29 15:54:36 INFO  ApacheHttpClient.sendEvent(450) - responseCode = 200
2018-01-29 15:55:26 INFO  ApacheHttpClient.getWebResourceAsStream(420) - responseCode = 200
2018-01-29 15:55:26 INFO  ApacheHttpClient.getTask(405) - responseCode = 200
2018-01-29 15:55:28 INFO  ApacheHttpClient.getWebResourceAsStream(420) - responseCode = 200
2018-01-29 15:55:28 INFO  ApacheHttpClient.completed(27) - responseCode = 200
2018-01-29 15:55:29 INFO  ApacheHttpClient.getTask(405) - responseCode = 200
2018-01-29 15:55:35 INFO  ApacheHttpClient.getWebResourceAsStream(420) - responseCode = 200
2018-01-29 15:55:35 ERROR JavaRushUtil.getCurrentTask(68) - Ошибка получения ключа задачи.
2018-01-29 15:55:35 INFO  ApacheHttpClient.getTask(405) - responseCode = 200
2018-01-29 15:55:36 INFO  ApacheHttpClient.sendEvent(450) - responseCode = 200
2018-01-29 15:55:48 INFO  ApacheHttpClient.getWebResourceAsStream(420) - responseCode = 200
2018-01-29 15:55:48 INFO  ApacheHttpClient.getFilteredTasks(307) - responseCode = 200
2018-01-29 15:55:49 INFO  ApacheHttpClient.getTaskTemplateInfo(324) - responseCode = 200
2018-01-29 15:55:52 INFO  ApacheHttpClient.testConnection(178) - responseCode = 200
2018-01-29 15:55:52 INFO  ApacheHttpClient.testConnection(185) - result = true
2018-01-29 15:55:53 INFO  ApacheHttpClient.testConnection(178) - responseCode = 200
2018-01-29 15:55:53 INFO  ApacheHttpClient.testConnection(185) - result = true
2018-01-29 15:55:53 INFO  ApacheHttpClient.getWebResourceAsStream(420) - responseCode = 200
